{"timestamp":"2025-07-04 10:39:12","level":"INFO","message":"Scheduled log cleanup","intervalHours":24,"nextRun":"2025-07-05T14:39:12.052Z"}
{"timestamp":"2025-07-04 10:39:12","level":"INFO","message":"Cart cleanup scheduled","intervalHours":24,"nextRun":"2025-07-05T14:39:12.065Z"}
{"timestamp":"2025-07-04 10:39:12","level":"INFO","message":"Starting newsletter scheduler","intervalMinutes":1,"maxRetries":3}
{"timestamp":"2025-07-04 10:39:12","level":"INFO","message":"Starting newsletter processing cycle"}
{"timestamp":"2025-07-04 10:39:12","level":"INFO","message":"Newsletter scheduler started successfully"}
{"timestamp":"2025-07-04 10:39:12","level":"INFO","message":"Newsletter scheduler initialized successfully"}
{"timestamp":"2025-07-04 10:39:12","level":"INFO","message":"Server started successfully","port":"5000","environment":"development","corsOrigin":"http://localhost:5173"}
{"timestamp":"2025-07-04 10:39:12","level":"ERROR","message":"Failed to connect to MongoDB:","error":"option sslvalidate is not supported","database":"mongodb://localhost:27017/ecommerce","name":"MongoParseError","stack":"MongoParseError: option sslvalidate is not supported\n    at parseOptions (C:\\Users\\Vince\\Desktop\\PROF DINO\\ecommerce-site\\server\\node_modules\\mongodb\\lib\\connection_string.js:278:15)\n    at new MongoClient (C:\\Users\\Vince\\Desktop\\PROF DINO\\ecommerce-site\\server\\node_modules\\mongodb\\lib\\mongo_client.js:65:61)\n    at NativeConnection.createClient (C:\\Users\\Vince\\Desktop\\PROF DINO\\ecommerce-site\\server\\node_modules\\mongoose\\lib\\drivers\\node-mongodb-native\\connection.js:343:14)\n    at NativeConnection.openUri (C:\\Users\\Vince\\Desktop\\PROF DINO\\ecommerce-site\\server\\node_modules\\mongoose\\lib\\connection.js:1071:34)\n    at Mongoose.connect (C:\\Users\\Vince\\Desktop\\PROF DINO\\ecommerce-site\\server\\node_modules\\mongoose\\lib\\mongoose.js:450:15)\n    at connectDB (C:\\Users\\Vince\\Desktop\\PROF DINO\\ecommerce-site\\server\\config\\database.js:52:20)\n    at initializeDatabase (C:\\Users\\Vince\\Desktop\\PROF DINO\\ecommerce-site\\server\\app.js:40:11)\n    at Object.<anonymous> (C:\\Users\\Vince\\Desktop\\PROF DINO\\ecommerce-site\\server\\app.js:69:1)\n    at Module._compile (node:internal/modules/cjs/loader:1730:14)\n    at Object..js (node:internal/modules/cjs/loader:1895:10)"}
{"timestamp":"2025-07-04 10:39:12","level":"ERROR","message":"❌ Database initialization failed: option sslvalidate is not supported","errorLabelSet":{},"stack":"MongoParseError: option sslvalidate is not supported\n    at parseOptions (C:\\Users\\Vince\\Desktop\\PROF DINO\\ecommerce-site\\server\\node_modules\\mongodb\\lib\\connection_string.js:278:15)\n    at new MongoClient (C:\\Users\\Vince\\Desktop\\PROF DINO\\ecommerce-site\\server\\node_modules\\mongodb\\lib\\mongo_client.js:65:61)\n    at NativeConnection.createClient (C:\\Users\\Vince\\Desktop\\PROF DINO\\ecommerce-site\\server\\node_modules\\mongoose\\lib\\drivers\\node-mongodb-native\\connection.js:343:14)\n    at NativeConnection.openUri (C:\\Users\\Vince\\Desktop\\PROF DINO\\ecommerce-site\\server\\node_modules\\mongoose\\lib\\connection.js:1071:34)\n    at Mongoose.connect (C:\\Users\\Vince\\Desktop\\PROF DINO\\ecommerce-site\\server\\node_modules\\mongoose\\lib\\mongoose.js:450:15)\n    at connectDB (C:\\Users\\Vince\\Desktop\\PROF DINO\\ecommerce-site\\server\\config\\database.js:52:20)\n    at initializeDatabase (C:\\Users\\Vince\\Desktop\\PROF DINO\\ecommerce-site\\server\\app.js:40:11)\n    at Object.<anonymous> (C:\\Users\\Vince\\Desktop\\PROF DINO\\ecommerce-site\\server\\app.js:69:1)\n    at Module._compile (node:internal/modules/cjs/loader:1730:14)\n    at Object..js (node:internal/modules/cjs/loader:1895:10)"}
{"timestamp":"2025-07-04 10:39:17","level":"INFO","message":"SIGINT received, shutting down gracefully"}
{"timestamp":"2025-07-04 10:41:28","level":"INFO","message":"Scheduled log cleanup","intervalHours":24,"nextRun":"2025-07-05T14:41:28.466Z"}
{"timestamp":"2025-07-04 10:41:28","level":"INFO","message":"Cart cleanup scheduled","intervalHours":24,"nextRun":"2025-07-05T14:41:28.480Z"}
{"timestamp":"2025-07-04 10:41:28","level":"INFO","message":"Starting newsletter scheduler","intervalMinutes":1,"maxRetries":3}
{"timestamp":"2025-07-04 10:41:28","level":"INFO","message":"Starting newsletter processing cycle"}
{"timestamp":"2025-07-04 10:41:28","level":"INFO","message":"Newsletter scheduler started successfully"}
{"timestamp":"2025-07-04 10:41:28","level":"INFO","message":"Newsletter scheduler initialized successfully"}
{"timestamp":"2025-07-04 10:41:28","level":"INFO","message":"Server started successfully","port":"5000","environment":"development","corsOrigin":"http://localhost:5173"}
{"timestamp":"2025-07-04 10:41:28","level":"INFO","message":"MongoDB connected successfully","database":"mongodb://localhost:27017/ecommerce","maxPoolSize":10,"environment":"development","readPreference":"primaryPreferred","compression":["zlib"]}
{"timestamp":"2025-07-04 10:41:28","level":"ERROR","message":"Failed to connect to MongoDB:","error":"bufferMaxEntries: \"bufferMaxEntries\" is not a valid option to set","database":"mongodb://localhost:27017/ecommerce","name":"SetOptionError","stack":"SetOptionError: bufferMaxEntries: \"bufferMaxEntries\" is not a valid option to set\n    at Mongoose.getsetOptions (C:\\Users\\Vince\\Desktop\\PROF DINO\\ecommerce-site\\server\\node_modules\\mongoose\\lib\\mongoose.js:281:17)\n    at connectDB (C:\\Users\\Vince\\Desktop\\PROF DINO\\ecommerce-site\\server\\config\\database.js:73:14)\n    at process.processTicksAndRejections (node:internal/process/task_queues:105:5)\n    at async initializeDatabase (C:\\Users\\Vince\\Desktop\\PROF DINO\\ecommerce-site\\server\\app.js:40:5)"}
{"timestamp":"2025-07-04 10:41:28","level":"ERROR","message":"❌ Database initialization failed: bufferMaxEntries: \"bufferMaxEntries\" is not a valid option to set","errors":{"bufferMaxEntries":{}},"stack":"SetOptionError: bufferMaxEntries: \"bufferMaxEntries\" is not a valid option to set\n    at Mongoose.getsetOptions (C:\\Users\\Vince\\Desktop\\PROF DINO\\ecommerce-site\\server\\node_modules\\mongoose\\lib\\mongoose.js:281:17)\n    at connectDB (C:\\Users\\Vince\\Desktop\\PROF DINO\\ecommerce-site\\server\\config\\database.js:73:14)\n    at process.processTicksAndRejections (node:internal/process/task_queues:105:5)\n    at async initializeDatabase (C:\\Users\\Vince\\Desktop\\PROF DINO\\ecommerce-site\\server\\app.js:40:5)"}
{"timestamp":"2025-07-04 10:41:43","level":"INFO","message":"SIGINT received, shutting down gracefully"}
{"timestamp":"2025-07-04 10:42:46","level":"INFO","message":"Scheduled log cleanup","intervalHours":24,"nextRun":"2025-07-05T14:42:46.086Z"}
{"timestamp":"2025-07-04 10:42:46","level":"INFO","message":"Cart cleanup scheduled","intervalHours":24,"nextRun":"2025-07-05T14:42:46.100Z"}
{"timestamp":"2025-07-04 10:42:46","level":"INFO","message":"Starting newsletter scheduler","intervalMinutes":1,"maxRetries":3}
{"timestamp":"2025-07-04 10:42:46","level":"INFO","message":"Starting newsletter processing cycle"}
{"timestamp":"2025-07-04 10:42:46","level":"INFO","message":"Newsletter scheduler started successfully"}
{"timestamp":"2025-07-04 10:42:46","level":"INFO","message":"Newsletter scheduler initialized successfully"}
{"timestamp":"2025-07-04 10:42:46","level":"INFO","message":"Server started successfully","port":"5000","environment":"development","corsOrigin":"http://localhost:5173"}
{"timestamp":"2025-07-04 10:42:46","level":"INFO","message":"MongoDB connected successfully","database":"mongodb://localhost:27017/ecommerce","maxPoolSize":10,"environment":"development","readPreference":"primaryPreferred","compression":["zlib"]}
{"timestamp":"2025-07-04 10:42:46","level":"INFO","message":"🚀 Starting automatic index creation..."}
{"timestamp":"2025-07-04 10:42:46","level":"ERROR","message":"❌ Error creating Product indexes:"}
{"timestamp":"2025-07-04 10:42:46","level":"ERROR","message":"❌ Product indexes failed: An equivalent index already exists with a different name and options. Requested index: { v: 2, key: { _fts: \"text\", _ftsx: 1 }, name: \"product_text_search\", weights: { description: 5, name: 10, tags: 3 }, default_language: \"english\", language_override: \"language\", textIndexVersion: 3 }, existing index: { v: 2, key: { _fts: \"text\", _ftsx: 1 }, name: \"name_text_description_text\", background: true, weights: { description: 1, name: 1 }, default_language: \"english\", language_override: \"language\", textIndexVersion: 3 }"}
{"timestamp":"2025-07-04 10:42:46","level":"ERROR","message":"❌ Error creating User indexes:"}
{"timestamp":"2025-07-04 10:42:46","level":"ERROR","message":"❌ User indexes failed: Index already exists with a different name: email_1"}
{"timestamp":"2025-07-04 10:42:46","level":"ERROR","message":"❌ Error creating Order indexes:"}
{"timestamp":"2025-07-04 10:42:46","level":"ERROR","message":"❌ Order indexes failed: Index already exists with a different name: user_1_createdAt_-1"}
{"timestamp":"2025-07-04 10:42:47","level":"INFO","message":"✅ Category indexes created successfully"}
{"timestamp":"2025-07-04 10:42:47","level":"INFO","message":"✅ Category indexes created: 4 indexes"}
{"timestamp":"2025-07-04 10:42:47","level":"INFO","message":"✅ ActivityLog indexes created successfully"}
{"timestamp":"2025-07-04 10:42:47","level":"INFO","message":"✅ ActivityLog indexes created: 4 indexes"}
{"timestamp":"2025-07-04 10:42:47","level":"ERROR","message":"❌ Error creating Payment indexes:"}
{"timestamp":"2025-07-04 10:42:47","level":"ERROR","message":"❌ Payment indexes failed: Index already exists with a different name: status_1_createdAt_-1"}
{"timestamp":"2025-07-04 10:42:47","level":"INFO","message":"✅ Cart indexes created successfully"}
{"timestamp":"2025-07-04 10:42:47","level":"INFO","message":"✅ Cart indexes created: 3 indexes"}
{"timestamp":"2025-07-04 10:42:47","level":"ERROR","message":"❌ Error creating Newsletter indexes:"}
{"timestamp":"2025-07-04 10:42:47","level":"ERROR","message":"❌ NewsletterSubscriber indexes failed: Index already exists with a different name: email_1"}
{"timestamp":"2025-07-04 10:42:47","level":"INFO","message":"✅ Support indexes created successfully"}
{"timestamp":"2025-07-04 10:42:47","level":"INFO","message":"✅ Support indexes created: 4 indexes"}
{"timestamp":"2025-07-04 10:42:47","level":"INFO","message":"🎯 Index creation completed","duration":"1541ms","created":15,"failed":5,"errors":5}
{"timestamp":"2025-07-04 10:42:47","level":"WARN","message":"⚠️ Some database indexes failed to create","created":15,"failed":5,"errors":["Product: An equivalent index already exists with a different name and options. Requested index: { v: 2, key: { _fts: \"text\", _ftsx: 1 }, name: \"product_text_search\", weights: { description: 5, name: 10, tags: 3 }, default_language: \"english\", language_override: \"language\", textIndexVersion: 3 }, existing index: { v: 2, key: { _fts: \"text\", _ftsx: 1 }, name: \"name_text_description_text\", background: true, weights: { description: 1, name: 1 }, default_language: \"english\", language_override: \"language\", textIndexVersion: 3 }","User: Index already exists with a different name: email_1","Order: Index already exists with a different name: user_1_createdAt_-1","Payment: Index already exists with a different name: status_1_createdAt_-1","NewsletterSubscriber: Index already exists with a different name: email_1"]}
{"timestamp":"2025-07-04 10:43:02","level":"INFO","message":"SIGINT received, shutting down gracefully"}
{"timestamp":"2025-07-04 10:43:33","level":"INFO","message":"Scheduled log cleanup","intervalHours":24,"nextRun":"2025-07-05T14:43:33.471Z"}
{"timestamp":"2025-07-04 10:43:33","level":"INFO","message":"Cart cleanup scheduled","intervalHours":24,"nextRun":"2025-07-05T14:43:33.483Z"}
{"timestamp":"2025-07-04 10:43:33","level":"INFO","message":"Starting newsletter scheduler","intervalMinutes":1,"maxRetries":3}
{"timestamp":"2025-07-04 10:43:33","level":"INFO","message":"Starting newsletter processing cycle"}
{"timestamp":"2025-07-04 10:43:33","level":"INFO","message":"Newsletter scheduler started successfully"}
{"timestamp":"2025-07-04 10:43:33","level":"INFO","message":"Newsletter scheduler initialized successfully"}
{"timestamp":"2025-07-04 10:43:33","level":"INFO","message":"Server started successfully","port":"5000","environment":"development","corsOrigin":"http://localhost:5173"}
{"timestamp":"2025-07-04 10:43:33","level":"INFO","message":"MongoDB connected successfully","database":"mongodb://localhost:27017/ecommerce","maxPoolSize":10,"environment":"development","readPreference":"primaryPreferred","compression":["zlib"]}
{"timestamp":"2025-07-04 10:43:33","level":"INFO","message":"🚀 Starting automatic index creation..."}
{"timestamp":"2025-07-04 10:43:33","level":"ERROR","message":"❌ Error creating Product indexes:"}
{"timestamp":"2025-07-04 10:43:33","level":"ERROR","message":"❌ Product indexes failed: An equivalent index already exists with a different name and options. Requested index: { v: 2, key: { _fts: \"text\", _ftsx: 1 }, name: \"product_text_search\", weights: { description: 5, name: 10, tags: 3 }, default_language: \"english\", language_override: \"language\", textIndexVersion: 3 }, existing index: { v: 2, key: { _fts: \"text\", _ftsx: 1 }, name: \"name_text_description_text\", background: true, weights: { description: 1, name: 1 }, default_language: \"english\", language_override: \"language\", textIndexVersion: 3 }"}
{"timestamp":"2025-07-04 10:43:33","level":"ERROR","message":"❌ Error creating User indexes:"}
{"timestamp":"2025-07-04 10:43:33","level":"ERROR","message":"❌ User indexes failed: Index already exists with a different name: email_1"}
{"timestamp":"2025-07-04 10:43:33","level":"ERROR","message":"❌ Error creating Order indexes:"}
{"timestamp":"2025-07-04 10:43:33","level":"ERROR","message":"❌ Order indexes failed: Index already exists with a different name: user_1_createdAt_-1"}
{"timestamp":"2025-07-04 10:43:33","level":"INFO","message":"✅ Category indexes created successfully"}
{"timestamp":"2025-07-04 10:43:33","level":"INFO","message":"✅ Category indexes created: 4 indexes"}
{"timestamp":"2025-07-04 10:43:33","level":"INFO","message":"✅ ActivityLog indexes created successfully"}
{"timestamp":"2025-07-04 10:43:33","level":"INFO","message":"✅ ActivityLog indexes created: 4 indexes"}
{"timestamp":"2025-07-04 10:43:33","level":"ERROR","message":"❌ Error creating Payment indexes:"}
{"timestamp":"2025-07-04 10:43:33","level":"ERROR","message":"❌ Payment indexes failed: Index already exists with a different name: status_1_createdAt_-1"}
{"timestamp":"2025-07-04 10:43:33","level":"INFO","message":"✅ Cart indexes created successfully"}
{"timestamp":"2025-07-04 10:43:33","level":"INFO","message":"✅ Cart indexes created: 3 indexes"}
{"timestamp":"2025-07-04 10:43:33","level":"ERROR","message":"❌ Error creating Newsletter indexes:"}
{"timestamp":"2025-07-04 10:43:33","level":"ERROR","message":"❌ NewsletterSubscriber indexes failed: Index already exists with a different name: email_1"}
{"timestamp":"2025-07-04 10:43:33","level":"INFO","message":"✅ Support indexes created successfully"}
{"timestamp":"2025-07-04 10:43:33","level":"INFO","message":"✅ Support indexes created: 4 indexes"}
{"timestamp":"2025-07-04 10:43:33","level":"INFO","message":"🎯 Index creation completed","duration":"111ms","created":15,"failed":5,"errors":5}
{"timestamp":"2025-07-04 10:43:33","level":"WARN","message":"⚠️ Some database indexes failed to create","created":15,"failed":5,"errors":["Product: An equivalent index already exists with a different name and options. Requested index: { v: 2, key: { _fts: \"text\", _ftsx: 1 }, name: \"product_text_search\", weights: { description: 5, name: 10, tags: 3 }, default_language: \"english\", language_override: \"language\", textIndexVersion: 3 }, existing index: { v: 2, key: { _fts: \"text\", _ftsx: 1 }, name: \"name_text_description_text\", background: true, weights: { description: 1, name: 1 }, default_language: \"english\", language_override: \"language\", textIndexVersion: 3 }","User: Index already exists with a different name: email_1","Order: Index already exists with a different name: user_1_createdAt_-1","Payment: Index already exists with a different name: status_1_createdAt_-1","NewsletterSubscriber: Index already exists with a different name: email_1"]}
{"timestamp":"2025-07-04 10:43:49","level":"INFO","message":"API Success Response Login successful","statusCode":200,"dataType":"object","hasMeta":false}
{"timestamp":"2025-07-04 10:43:49","level":"INFO","message":"User authenticated successfully","userId":"685ea75e88b205d105a5f83f","userEmail":"admin@example.com","userRole":"admin","ip":"::1","userAgent":"Mozilla/5.0 (Windows NT 10.0; Win64; x64) AppleWebKit/537.36 (KHTML, like Gecko) Chrome/137.0.0.0 Safari/537.36"}
{"timestamp":"2025-07-04 10:43:49","level":"INFO","message":"API Success Response Profile retrieved successfully","statusCode":200,"dataType":"object","hasMeta":false}
{"timestamp":"2025-07-04 10:43:49","level":"INFO","message":"User authenticated successfully","userId":"685ea75e88b205d105a5f83f","userEmail":"admin@example.com","userRole":"admin","ip":"::1","userAgent":"Mozilla/5.0 (Windows NT 10.0; Win64; x64) AppleWebKit/537.36 (KHTML, like Gecko) Chrome/137.0.0.0 Safari/537.36"}
{"timestamp":"2025-07-04 10:43:49","level":"INFO","message":"User authenticated successfully","userId":"685ea75e88b205d105a5f83f","userEmail":"admin@example.com","userRole":"admin","ip":"::1","userAgent":"Mozilla/5.0 (Windows NT 10.0; Win64; x64) AppleWebKit/537.36 (KHTML, like Gecko) Chrome/137.0.0.0 Safari/537.36"}
{"timestamp":"2025-07-04 10:43:49","level":"INFO","message":"User authenticated successfully","userId":"685ea75e88b205d105a5f83f","userEmail":"admin@example.com","userRole":"admin","ip":"::1","userAgent":"Mozilla/5.0 (Windows NT 10.0; Win64; x64) AppleWebKit/537.36 (KHTML, like Gecko) Chrome/137.0.0.0 Safari/537.36"}
{"timestamp":"2025-07-04 10:43:49","level":"INFO","message":"User authenticated successfully","userId":"685ea75e88b205d105a5f83f","userEmail":"admin@example.com","userRole":"admin","ip":"::1","userAgent":"Mozilla/5.0 (Windows NT 10.0; Win64; x64) AppleWebKit/537.36 (KHTML, like Gecko) Chrome/137.0.0.0 Safari/537.36"}
{"timestamp":"2025-07-04 10:43:49","level":"INFO","message":"API Success Response Categories retrieved successfully","statusCode":200,"dataType":"object","hasMeta":false}
{"timestamp":"2025-07-04 10:43:49","level":"INFO","message":"Business action","action":"sales_chart_retrieved","details":{"period":"30d","groupBy":"day","dataPoints":7},"method":"GET","url":"/api/dashboard/sales-chart","userId":"685ea75e88b205d105a5f83f","userEmail":"admin@example.com","userRole":"admin"}
{"timestamp":"2025-07-04 10:43:49","level":"INFO","message":"API Success Response Sales chart data retrieved successfully","statusCode":200,"dataType":"object","hasMeta":false}
{"timestamp":"2025-07-04 10:43:49","level":"INFO","message":"Business action","action":"dashboard_overview_retrieved","details":{"metrics":{"totalSales":554.96,"totalOrders":12,"activeUsers":1}},"method":"GET","url":"/api/dashboard/overview","userId":"685ea75e88b205d105a5f83f","userEmail":"admin@example.com","userRole":"admin"}
{"timestamp":"2025-07-04 10:43:49","level":"INFO","message":"API Success Response Dashboard overview retrieved successfully","statusCode":200,"dataType":"object","hasMeta":false}
{"timestamp":"2025-07-04 10:43:49","level":"INFO","message":"Business action","action":"recent_orders_retrieved","details":{"limit":10,"orderCount":10},"method":"GET","url":"/api/dashboard/recent-orders","userId":"685ea75e88b205d105a5f83f","userEmail":"admin@example.com","userRole":"admin"}
{"timestamp":"2025-07-04 10:43:49","level":"INFO","message":"API Success Response Recent orders retrieved successfully","statusCode":200,"dataType":"object","hasMeta":false}
{"timestamp":"2025-07-04 10:43:49","level":"INFO","message":"API Success Response Admin products retrieved successfully","statusCode":200,"dataType":"object","hasMeta":true}
{"timestamp":"2025-07-04 10:43:49","level":"INFO","message":"User authenticated successfully","userId":"685ea75e88b205d105a5f83f","userEmail":"admin@example.com","userRole":"admin","ip":"::1","userAgent":"Mozilla/5.0 (Windows NT 10.0; Win64; x64) AppleWebKit/537.36 (KHTML, like Gecko) Chrome/137.0.0.0 Safari/537.36"}
{"timestamp":"2025-07-04 10:43:49","level":"INFO","message":"Business action","action":"dashboard_overview_retrieved","details":{"metrics":{"totalSales":554.96,"totalOrders":12,"activeUsers":1}},"method":"GET","url":"/api/dashboard/overview","userId":"685ea75e88b205d105a5f83f","userEmail":"admin@example.com","userRole":"admin"}
{"timestamp":"2025-07-04 10:43:49","level":"INFO","message":"API Success Response Dashboard overview retrieved successfully","statusCode":200,"dataType":"object","hasMeta":false}
{"timestamp":"2025-07-04 10:43:49","level":"INFO","message":"User authenticated successfully","userId":"685ea75e88b205d105a5f83f","userEmail":"admin@example.com","userRole":"admin","ip":"::1","userAgent":"Mozilla/5.0 (Windows NT 10.0; Win64; x64) AppleWebKit/537.36 (KHTML, like Gecko) Chrome/137.0.0.0 Safari/537.36"}
{"timestamp":"2025-07-04 10:43:49","level":"INFO","message":"Business action","action":"dashboard_overview_retrieved","details":{"metrics":{"totalSales":554.96,"totalOrders":12,"activeUsers":1}},"method":"GET","url":"/api/dashboard/overview","userId":"685ea75e88b205d105a5f83f","userEmail":"admin@example.com","userRole":"admin"}
{"timestamp":"2025-07-04 10:43:49","level":"INFO","message":"API Success Response Dashboard overview retrieved successfully","statusCode":200,"dataType":"object","hasMeta":false}
{"timestamp":"2025-07-04 10:44:01","level":"INFO","message":"User authenticated successfully","userId":"685ea75e88b205d105a5f83f","userEmail":"admin@example.com","userRole":"admin","ip":"::1","userAgent":"Mozilla/5.0 (Windows NT 10.0; Win64; x64) AppleWebKit/537.36 (KHTML, like Gecko) Chrome/137.0.0.0 Safari/537.36"}
{"timestamp":"2025-07-04 10:44:01","level":"INFO","message":"API Success Response Categories retrieved successfully","statusCode":200,"dataType":"object","hasMeta":false}
{"timestamp":"2025-07-04 10:44:01","level":"INFO","message":"API Success Response Admin products retrieved successfully","statusCode":200,"dataType":"object","hasMeta":true}
{"timestamp":"2025-07-04 10:44:05","level":"INFO","message":"User authenticated successfully","userId":"685ea75e88b205d105a5f83f","userEmail":"admin@example.com","userRole":"admin","ip":"::1","userAgent":"Mozilla/5.0 (Windows NT 10.0; Win64; x64) AppleWebKit/537.36 (KHTML, like Gecko) Chrome/137.0.0.0 Safari/537.36"}
{"timestamp":"2025-07-04 10:44:05","level":"INFO","message":"API Success Response Profile retrieved successfully","statusCode":200,"dataType":"object","hasMeta":false}
{"timestamp":"2025-07-04 10:44:05","level":"INFO","message":"User authenticated successfully","userId":"685ea75e88b205d105a5f83f","userEmail":"admin@example.com","userRole":"admin","ip":"::1","userAgent":"Mozilla/5.0 (Windows NT 10.0; Win64; x64) AppleWebKit/537.36 (KHTML, like Gecko) Chrome/137.0.0.0 Safari/537.36"}
{"timestamp":"2025-07-04 10:44:05","level":"INFO","message":"User authenticated successfully","userId":"685ea75e88b205d105a5f83f","userEmail":"admin@example.com","userRole":"admin","ip":"::1","userAgent":"Mozilla/5.0 (Windows NT 10.0; Win64; x64) AppleWebKit/537.36 (KHTML, like Gecko) Chrome/137.0.0.0 Safari/537.36"}
{"timestamp":"2025-07-04 10:44:05","level":"INFO","message":"User authenticated successfully","userId":"685ea75e88b205d105a5f83f","userEmail":"admin@example.com","userRole":"admin","ip":"::1","userAgent":"Mozilla/5.0 (Windows NT 10.0; Win64; x64) AppleWebKit/537.36 (KHTML, like Gecko) Chrome/137.0.0.0 Safari/537.36"}
{"timestamp":"2025-07-04 10:44:05","level":"INFO","message":"User authenticated successfully","userId":"685ea75e88b205d105a5f83f","userEmail":"admin@example.com","userRole":"admin","ip":"::1","userAgent":"Mozilla/5.0 (Windows NT 10.0; Win64; x64) AppleWebKit/537.36 (KHTML, like Gecko) Chrome/137.0.0.0 Safari/537.36"}
{"timestamp":"2025-07-04 10:44:05","level":"INFO","message":"API Success Response Categories retrieved successfully","statusCode":200,"dataType":"object","hasMeta":false}
{"timestamp":"2025-07-04 10:44:05","level":"INFO","message":"Business action","action":"sales_chart_retrieved","details":{"period":"30d","groupBy":"day","dataPoints":7},"method":"GET","url":"/api/dashboard/sales-chart","userId":"685ea75e88b205d105a5f83f","userEmail":"admin@example.com","userRole":"admin"}
{"timestamp":"2025-07-04 10:44:05","level":"INFO","message":"API Success Response Sales chart data retrieved successfully","statusCode":200,"dataType":"object","hasMeta":false}
{"timestamp":"2025-07-04 10:44:05","level":"INFO","message":"API Success Response Admin products retrieved successfully","statusCode":200,"dataType":"object","hasMeta":true}
{"timestamp":"2025-07-04 10:44:05","level":"INFO","message":"Business action","action":"recent_orders_retrieved","details":{"limit":10,"orderCount":10},"method":"GET","url":"/api/dashboard/recent-orders","userId":"685ea75e88b205d105a5f83f","userEmail":"admin@example.com","userRole":"admin"}
{"timestamp":"2025-07-04 10:44:05","level":"INFO","message":"API Success Response Recent orders retrieved successfully","statusCode":200,"dataType":"object","hasMeta":false}
{"timestamp":"2025-07-04 10:44:05","level":"INFO","message":"Business action","action":"dashboard_overview_retrieved","details":{"metrics":{"totalSales":554.96,"totalOrders":12,"activeUsers":1}},"method":"GET","url":"/api/dashboard/overview","userId":"685ea75e88b205d105a5f83f","userEmail":"admin@example.com","userRole":"admin"}
{"timestamp":"2025-07-04 10:44:05","level":"INFO","message":"API Success Response Dashboard overview retrieved successfully","statusCode":200,"dataType":"object","hasMeta":false}
{"timestamp":"2025-07-04 10:44:05","level":"INFO","message":"User authenticated successfully","userId":"685ea75e88b205d105a5f83f","userEmail":"admin@example.com","userRole":"admin","ip":"::1","userAgent":"Mozilla/5.0 (Windows NT 10.0; Win64; x64) AppleWebKit/537.36 (KHTML, like Gecko) Chrome/137.0.0.0 Safari/537.36"}
{"timestamp":"2025-07-04 10:44:05","level":"INFO","message":"Business action","action":"dashboard_overview_retrieved","details":{"metrics":{"totalSales":554.96,"totalOrders":12,"activeUsers":1}},"method":"GET","url":"/api/dashboard/overview","userId":"685ea75e88b205d105a5f83f","userEmail":"admin@example.com","userRole":"admin"}
{"timestamp":"2025-07-04 10:44:05","level":"INFO","message":"API Success Response Dashboard overview retrieved successfully","statusCode":200,"dataType":"object","hasMeta":false}
{"timestamp":"2025-07-04 10:44:05","level":"INFO","message":"User authenticated successfully","userId":"685ea75e88b205d105a5f83f","userEmail":"admin@example.com","userRole":"admin","ip":"::1","userAgent":"Mozilla/5.0 (Windows NT 10.0; Win64; x64) AppleWebKit/537.36 (KHTML, like Gecko) Chrome/137.0.0.0 Safari/537.36"}
{"timestamp":"2025-07-04 10:44:05","level":"INFO","message":"Business action","action":"dashboard_overview_retrieved","details":{"metrics":{"totalSales":554.96,"totalOrders":12,"activeUsers":1}},"method":"GET","url":"/api/dashboard/overview","userId":"685ea75e88b205d105a5f83f","userEmail":"admin@example.com","userRole":"admin"}
{"timestamp":"2025-07-04 10:44:05","level":"INFO","message":"API Success Response Dashboard overview retrieved successfully","statusCode":200,"dataType":"object","hasMeta":false}
{"timestamp":"2025-07-04 10:44:06","level":"INFO","message":"User authenticated successfully","userId":"685ea75e88b205d105a5f83f","userEmail":"admin@example.com","userRole":"admin","ip":"::1","userAgent":"Mozilla/5.0 (Windows NT 10.0; Win64; x64) AppleWebKit/537.36 (KHTML, like Gecko) Chrome/137.0.0.0 Safari/537.36"}
{"timestamp":"2025-07-04 10:44:06","level":"INFO","message":"API Success Response Admin orders retrieved successfully","statusCode":200,"dataType":"object","hasMeta":true}
{"timestamp":"2025-07-04 10:44:11","level":"INFO","message":"User authenticated successfully","userId":"685ea75e88b205d105a5f83f","userEmail":"admin@example.com","userRole":"admin","ip":"::1","userAgent":"Mozilla/5.0 (Windows NT 10.0; Win64; x64) AppleWebKit/537.36 (KHTML, like Gecko) Chrome/137.0.0.0 Safari/537.36"}
{"timestamp":"2025-07-04 10:44:11","level":"INFO","message":"API Success Response Categories retrieved successfully","statusCode":200,"dataType":"object","hasMeta":false}
{"timestamp":"2025-07-04 10:44:11","level":"INFO","message":"API Success Response Admin products retrieved successfully","statusCode":200,"dataType":"object","hasMeta":true}
{"timestamp":"2025-07-04 10:44:12","level":"INFO","message":"User authenticated successfully","userId":"685ea75e88b205d105a5f83f","userEmail":"admin@example.com","userRole":"admin","ip":"::1","userAgent":"Mozilla/5.0 (Windows NT 10.0; Win64; x64) AppleWebKit/537.36 (KHTML, like Gecko) Chrome/137.0.0.0 Safari/537.36"}
{"timestamp":"2025-07-04 10:44:12","level":"INFO","message":"API Success Response Profile retrieved successfully","statusCode":200,"dataType":"object","hasMeta":false}
{"timestamp":"2025-07-04 10:44:12","level":"INFO","message":"User authenticated successfully","userId":"685ea75e88b205d105a5f83f","userEmail":"admin@example.com","userRole":"admin","ip":"::1","userAgent":"Mozilla/5.0 (Windows NT 10.0; Win64; x64) AppleWebKit/537.36 (KHTML, like Gecko) Chrome/137.0.0.0 Safari/537.36"}
{"timestamp":"2025-07-04 10:44:12","level":"INFO","message":"API Success Response Categories retrieved successfully","statusCode":200,"dataType":"object","hasMeta":false}
{"timestamp":"2025-07-04 10:44:12","level":"INFO","message":"API Success Response Admin products retrieved successfully","statusCode":200,"dataType":"object","hasMeta":true}
{"timestamp":"2025-07-04 10:44:17","level":"INFO","message":"User authenticated successfully","userId":"685ea75e88b205d105a5f83f","userEmail":"admin@example.com","userRole":"admin","ip":"::1","userAgent":"Mozilla/5.0 (Windows NT 10.0; Win64; x64) AppleWebKit/537.36 (KHTML, like Gecko) Chrome/137.0.0.0 Safari/537.36"}
{"timestamp":"2025-07-04 10:44:17","level":"INFO","message":"API Success Response Profile retrieved successfully","statusCode":200,"dataType":"object","hasMeta":false}
{"timestamp":"2025-07-04 10:44:17","level":"INFO","message":"User authenticated successfully","userId":"685ea75e88b205d105a5f83f","userEmail":"admin@example.com","userRole":"admin","ip":"::1","userAgent":"Mozilla/5.0 (Windows NT 10.0; Win64; x64) AppleWebKit/537.36 (KHTML, like Gecko) Chrome/137.0.0.0 Safari/537.36"}
{"timestamp":"2025-07-04 10:44:17","level":"INFO","message":"User authenticated successfully","userId":"685ea75e88b205d105a5f83f","userEmail":"admin@example.com","userRole":"admin","ip":"::1","userAgent":"Mozilla/5.0 (Windows NT 10.0; Win64; x64) AppleWebKit/537.36 (KHTML, like Gecko) Chrome/137.0.0.0 Safari/537.36"}
{"timestamp":"2025-07-04 10:44:17","level":"INFO","message":"User authenticated successfully","userId":"685ea75e88b205d105a5f83f","userEmail":"admin@example.com","userRole":"admin","ip":"::1","userAgent":"Mozilla/5.0 (Windows NT 10.0; Win64; x64) AppleWebKit/537.36 (KHTML, like Gecko) Chrome/137.0.0.0 Safari/537.36"}
{"timestamp":"2025-07-04 10:44:17","level":"INFO","message":"User authenticated successfully","userId":"685ea75e88b205d105a5f83f","userEmail":"admin@example.com","userRole":"admin","ip":"::1","userAgent":"Mozilla/5.0 (Windows NT 10.0; Win64; x64) AppleWebKit/537.36 (KHTML, like Gecko) Chrome/137.0.0.0 Safari/537.36"}
{"timestamp":"2025-07-04 10:44:17","level":"INFO","message":"API Success Response Categories retrieved successfully","statusCode":200,"dataType":"object","hasMeta":false}
{"timestamp":"2025-07-04 10:44:17","level":"INFO","message":"Business action","action":"sales_chart_retrieved","details":{"period":"30d","groupBy":"day","dataPoints":7},"method":"GET","url":"/api/dashboard/sales-chart","userId":"685ea75e88b205d105a5f83f","userEmail":"admin@example.com","userRole":"admin"}
{"timestamp":"2025-07-04 10:44:17","level":"INFO","message":"API Success Response Sales chart data retrieved successfully","statusCode":200,"dataType":"object","hasMeta":false}
{"timestamp":"2025-07-04 10:44:17","level":"INFO","message":"API Success Response Admin products retrieved successfully","statusCode":200,"dataType":"object","hasMeta":true}
{"timestamp":"2025-07-04 10:44:17","level":"INFO","message":"Business action","action":"recent_orders_retrieved","details":{"limit":10,"orderCount":10},"method":"GET","url":"/api/dashboard/recent-orders","userId":"685ea75e88b205d105a5f83f","userEmail":"admin@example.com","userRole":"admin"}
{"timestamp":"2025-07-04 10:44:17","level":"INFO","message":"API Success Response Recent orders retrieved successfully","statusCode":200,"dataType":"object","hasMeta":false}
{"timestamp":"2025-07-04 10:44:17","level":"INFO","message":"Business action","action":"dashboard_overview_retrieved","details":{"metrics":{"totalSales":554.96,"totalOrders":12,"activeUsers":1}},"method":"GET","url":"/api/dashboard/overview","userId":"685ea75e88b205d105a5f83f","userEmail":"admin@example.com","userRole":"admin"}
{"timestamp":"2025-07-04 10:44:17","level":"INFO","message":"API Success Response Dashboard overview retrieved successfully","statusCode":200,"dataType":"object","hasMeta":false}
{"timestamp":"2025-07-04 10:44:17","level":"INFO","message":"User authenticated successfully","userId":"685ea75e88b205d105a5f83f","userEmail":"admin@example.com","userRole":"admin","ip":"::1","userAgent":"Mozilla/5.0 (Windows NT 10.0; Win64; x64) AppleWebKit/537.36 (KHTML, like Gecko) Chrome/137.0.0.0 Safari/537.36"}
{"timestamp":"2025-07-04 10:44:17","level":"INFO","message":"Business action","action":"dashboard_overview_retrieved","details":{"metrics":{"totalSales":554.96,"totalOrders":12,"activeUsers":1}},"method":"GET","url":"/api/dashboard/overview","userId":"685ea75e88b205d105a5f83f","userEmail":"admin@example.com","userRole":"admin"}
{"timestamp":"2025-07-04 10:44:17","level":"INFO","message":"API Success Response Dashboard overview retrieved successfully","statusCode":200,"dataType":"object","hasMeta":false}
{"timestamp":"2025-07-04 10:44:17","level":"INFO","message":"User authenticated successfully","userId":"685ea75e88b205d105a5f83f","userEmail":"admin@example.com","userRole":"admin","ip":"::1","userAgent":"Mozilla/5.0 (Windows NT 10.0; Win64; x64) AppleWebKit/537.36 (KHTML, like Gecko) Chrome/137.0.0.0 Safari/537.36"}
{"timestamp":"2025-07-04 10:44:17","level":"INFO","message":"Business action","action":"dashboard_overview_retrieved","details":{"metrics":{"totalSales":554.96,"totalOrders":12,"activeUsers":1}},"method":"GET","url":"/api/dashboard/overview","userId":"685ea75e88b205d105a5f83f","userEmail":"admin@example.com","userRole":"admin"}
{"timestamp":"2025-07-04 10:44:17","level":"INFO","message":"API Success Response Dashboard overview retrieved successfully","statusCode":200,"dataType":"object","hasMeta":false}
{"timestamp":"2025-07-04 10:44:18","level":"INFO","message":"API Success Response Categories retrieved successfully","statusCode":200,"dataType":"object","hasMeta":false}
{"timestamp":"2025-07-04 10:44:23","level":"INFO","message":"User authenticated successfully","userId":"685ea75e88b205d105a5f83f","userEmail":"admin@example.com","userRole":"admin","ip":"::1","userAgent":"Mozilla/5.0 (Windows NT 10.0; Win64; x64) AppleWebKit/537.36 (KHTML, like Gecko) Chrome/137.0.0.0 Safari/537.36"}
{"timestamp":"2025-07-04 10:44:23","level":"INFO","message":"API Success Response Profile retrieved successfully","statusCode":200,"dataType":"object","hasMeta":false}
{"timestamp":"2025-07-04 10:44:23","level":"INFO","message":"User authenticated successfully","userId":"685ea75e88b205d105a5f83f","userEmail":"admin@example.com","userRole":"admin","ip":"::1","userAgent":"Mozilla/5.0 (Windows NT 10.0; Win64; x64) AppleWebKit/537.36 (KHTML, like Gecko) Chrome/137.0.0.0 Safari/537.36"}
{"timestamp":"2025-07-04 10:44:23","level":"INFO","message":"User authenticated successfully","userId":"685ea75e88b205d105a5f83f","userEmail":"admin@example.com","userRole":"admin","ip":"::1","userAgent":"Mozilla/5.0 (Windows NT 10.0; Win64; x64) AppleWebKit/537.36 (KHTML, like Gecko) Chrome/137.0.0.0 Safari/537.36"}
{"timestamp":"2025-07-04 10:44:23","level":"INFO","message":"User authenticated successfully","userId":"685ea75e88b205d105a5f83f","userEmail":"admin@example.com","userRole":"admin","ip":"::1","userAgent":"Mozilla/5.0 (Windows NT 10.0; Win64; x64) AppleWebKit/537.36 (KHTML, like Gecko) Chrome/137.0.0.0 Safari/537.36"}
{"timestamp":"2025-07-04 10:44:23","level":"INFO","message":"User authenticated successfully","userId":"685ea75e88b205d105a5f83f","userEmail":"admin@example.com","userRole":"admin","ip":"::1","userAgent":"Mozilla/5.0 (Windows NT 10.0; Win64; x64) AppleWebKit/537.36 (KHTML, like Gecko) Chrome/137.0.0.0 Safari/537.36"}
{"timestamp":"2025-07-04 10:44:23","level":"INFO","message":"API Success Response Categories retrieved successfully","statusCode":200,"dataType":"object","hasMeta":false}
{"timestamp":"2025-07-04 10:44:23","level":"INFO","message":"Business action","action":"sales_chart_retrieved","details":{"period":"30d","groupBy":"day","dataPoints":7},"method":"GET","url":"/api/dashboard/sales-chart","userId":"685ea75e88b205d105a5f83f","userEmail":"admin@example.com","userRole":"admin"}
{"timestamp":"2025-07-04 10:44:23","level":"INFO","message":"API Success Response Sales chart data retrieved successfully","statusCode":200,"dataType":"object","hasMeta":false}
{"timestamp":"2025-07-04 10:44:23","level":"INFO","message":"API Success Response Admin products retrieved successfully","statusCode":200,"dataType":"object","hasMeta":true}
{"timestamp":"2025-07-04 10:44:23","level":"INFO","message":"Business action","action":"dashboard_overview_retrieved","details":{"metrics":{"totalSales":554.96,"totalOrders":12,"activeUsers":1}},"method":"GET","url":"/api/dashboard/overview","userId":"685ea75e88b205d105a5f83f","userEmail":"admin@example.com","userRole":"admin"}
{"timestamp":"2025-07-04 10:44:23","level":"INFO","message":"API Success Response Dashboard overview retrieved successfully","statusCode":200,"dataType":"object","hasMeta":false}
{"timestamp":"2025-07-04 10:44:23","level":"INFO","message":"Business action","action":"recent_orders_retrieved","details":{"limit":10,"orderCount":10},"method":"GET","url":"/api/dashboard/recent-orders","userId":"685ea75e88b205d105a5f83f","userEmail":"admin@example.com","userRole":"admin"}
{"timestamp":"2025-07-04 10:44:23","level":"INFO","message":"API Success Response Recent orders retrieved successfully","statusCode":200,"dataType":"object","hasMeta":false}
{"timestamp":"2025-07-04 10:44:23","level":"INFO","message":"User authenticated successfully","userId":"685ea75e88b205d105a5f83f","userEmail":"admin@example.com","userRole":"admin","ip":"::1","userAgent":"Mozilla/5.0 (Windows NT 10.0; Win64; x64) AppleWebKit/537.36 (KHTML, like Gecko) Chrome/137.0.0.0 Safari/537.36"}
{"timestamp":"2025-07-04 10:44:23","level":"INFO","message":"Business action","action":"dashboard_overview_retrieved","details":{"metrics":{"totalSales":554.96,"totalOrders":12,"activeUsers":1}},"method":"GET","url":"/api/dashboard/overview","userId":"685ea75e88b205d105a5f83f","userEmail":"admin@example.com","userRole":"admin"}
{"timestamp":"2025-07-04 10:44:23","level":"INFO","message":"API Success Response Dashboard overview retrieved successfully","statusCode":200,"dataType":"object","hasMeta":false}
{"timestamp":"2025-07-04 10:44:23","level":"INFO","message":"User authenticated successfully","userId":"685ea75e88b205d105a5f83f","userEmail":"admin@example.com","userRole":"admin","ip":"::1","userAgent":"Mozilla/5.0 (Windows NT 10.0; Win64; x64) AppleWebKit/537.36 (KHTML, like Gecko) Chrome/137.0.0.0 Safari/537.36"}
{"timestamp":"2025-07-04 10:44:23","level":"INFO","message":"Business action","action":"dashboard_overview_retrieved","details":{"metrics":{"totalSales":554.96,"totalOrders":12,"activeUsers":1}},"method":"GET","url":"/api/dashboard/overview","userId":"685ea75e88b205d105a5f83f","userEmail":"admin@example.com","userRole":"admin"}
{"timestamp":"2025-07-04 10:44:23","level":"INFO","message":"API Success Response Dashboard overview retrieved successfully","statusCode":200,"dataType":"object","hasMeta":false}
{"timestamp":"2025-07-04 10:44:33","level":"INFO","message":"Starting newsletter processing cycle"}
{"timestamp":"2025-07-04 10:44:39","level":"INFO","message":"User authenticated successfully","userId":"685ea75e88b205d105a5f83f","userEmail":"admin@example.com","userRole":"admin","ip":"::1","userAgent":"Mozilla/5.0 (Windows NT 10.0; Win64; x64) AppleWebKit/537.36 (KHTML, like Gecko) Chrome/137.0.0.0 Safari/537.36"}
{"timestamp":"2025-07-04 10:44:39","level":"INFO","message":"API Success Response Categories retrieved successfully","statusCode":200,"dataType":"object","hasMeta":false}
{"timestamp":"2025-07-04 10:44:39","level":"INFO","message":"API Success Response Admin products retrieved successfully","statusCode":200,"dataType":"object","hasMeta":true}
{"timestamp":"2025-07-04 10:45:08","level":"INFO","message":"User authenticated successfully","userId":"685ea75e88b205d105a5f83f","userEmail":"admin@example.com","userRole":"admin","ip":"::1","userAgent":"Mozilla/5.0 (Windows NT 10.0; Win64; x64) AppleWebKit/537.36 (KHTML, like Gecko) Chrome/137.0.0.0 Safari/537.36"}
{"timestamp":"2025-07-04 10:45:09","level":"INFO","message":"API Success Response Profile retrieved successfully","statusCode":200,"dataType":"object","hasMeta":false}
{"timestamp":"2025-07-04 10:45:09","level":"INFO","message":"User authenticated successfully","userId":"685ea75e88b205d105a5f83f","userEmail":"admin@example.com","userRole":"admin","ip":"::1","userAgent":"Mozilla/5.0 (Windows NT 10.0; Win64; x64) AppleWebKit/537.36 (KHTML, like Gecko) Chrome/137.0.0.0 Safari/537.36"}
{"timestamp":"2025-07-04 10:45:09","level":"INFO","message":"User authenticated successfully","userId":"685ea75e88b205d105a5f83f","userEmail":"admin@example.com","userRole":"admin","ip":"::1","userAgent":"Mozilla/5.0 (Windows NT 10.0; Win64; x64) AppleWebKit/537.36 (KHTML, like Gecko) Chrome/137.0.0.0 Safari/537.36"}
{"timestamp":"2025-07-04 10:45:09","level":"INFO","message":"User authenticated successfully","userId":"685ea75e88b205d105a5f83f","userEmail":"admin@example.com","userRole":"admin","ip":"::1","userAgent":"Mozilla/5.0 (Windows NT 10.0; Win64; x64) AppleWebKit/537.36 (KHTML, like Gecko) Chrome/137.0.0.0 Safari/537.36"}
{"timestamp":"2025-07-04 10:45:09","level":"INFO","message":"API Success Response Categories retrieved successfully","statusCode":200,"dataType":"object","hasMeta":false}
{"timestamp":"2025-07-04 10:45:09","level":"INFO","message":"User authenticated successfully","userId":"685ea75e88b205d105a5f83f","userEmail":"admin@example.com","userRole":"admin","ip":"::1","userAgent":"Mozilla/5.0 (Windows NT 10.0; Win64; x64) AppleWebKit/537.36 (KHTML, like Gecko) Chrome/137.0.0.0 Safari/537.36"}
{"timestamp":"2025-07-04 10:45:09","level":"INFO","message":"API Success Response Admin products retrieved successfully","statusCode":200,"dataType":"object","hasMeta":true}
{"timestamp":"2025-07-04 10:45:09","level":"INFO","message":"Business action","action":"recent_orders_retrieved","details":{"limit":10,"orderCount":10},"method":"GET","url":"/api/dashboard/recent-orders","userId":"685ea75e88b205d105a5f83f","userEmail":"admin@example.com","userRole":"admin"}
{"timestamp":"2025-07-04 10:45:09","level":"INFO","message":"API Success Response Recent orders retrieved successfully","statusCode":200,"dataType":"object","hasMeta":false}
{"timestamp":"2025-07-04 10:45:09","level":"INFO","message":"Business action","action":"sales_chart_retrieved","details":{"period":"30d","groupBy":"day","dataPoints":7},"method":"GET","url":"/api/dashboard/sales-chart","userId":"685ea75e88b205d105a5f83f","userEmail":"admin@example.com","userRole":"admin"}
{"timestamp":"2025-07-04 10:45:09","level":"INFO","message":"API Success Response Sales chart data retrieved successfully","statusCode":200,"dataType":"object","hasMeta":false}
{"timestamp":"2025-07-04 10:45:09","level":"INFO","message":"Business action","action":"dashboard_overview_retrieved","details":{"metrics":{"totalSales":554.96,"totalOrders":12,"activeUsers":1}},"method":"GET","url":"/api/dashboard/overview","userId":"685ea75e88b205d105a5f83f","userEmail":"admin@example.com","userRole":"admin"}
{"timestamp":"2025-07-04 10:45:09","level":"INFO","message":"API Success Response Dashboard overview retrieved successfully","statusCode":200,"dataType":"object","hasMeta":false}
{"timestamp":"2025-07-04 10:45:09","level":"INFO","message":"User authenticated successfully","userId":"685ea75e88b205d105a5f83f","userEmail":"admin@example.com","userRole":"admin","ip":"::1","userAgent":"Mozilla/5.0 (Windows NT 10.0; Win64; x64) AppleWebKit/537.36 (KHTML, like Gecko) Chrome/137.0.0.0 Safari/537.36"}
{"timestamp":"2025-07-04 10:45:09","level":"INFO","message":"Business action","action":"dashboard_overview_retrieved","details":{"metrics":{"totalSales":554.96,"totalOrders":12,"activeUsers":1}},"method":"GET","url":"/api/dashboard/overview","userId":"685ea75e88b205d105a5f83f","userEmail":"admin@example.com","userRole":"admin"}
{"timestamp":"2025-07-04 10:45:09","level":"INFO","message":"API Success Response Dashboard overview retrieved successfully","statusCode":200,"dataType":"object","hasMeta":false}
{"timestamp":"2025-07-04 10:45:09","level":"INFO","message":"User authenticated successfully","userId":"685ea75e88b205d105a5f83f","userEmail":"admin@example.com","userRole":"admin","ip":"::1","userAgent":"Mozilla/5.0 (Windows NT 10.0; Win64; x64) AppleWebKit/537.36 (KHTML, like Gecko) Chrome/137.0.0.0 Safari/537.36"}
{"timestamp":"2025-07-04 10:45:09","level":"INFO","message":"Business action","action":"dashboard_overview_retrieved","details":{"metrics":{"totalSales":554.96,"totalOrders":12,"activeUsers":1}},"method":"GET","url":"/api/dashboard/overview","userId":"685ea75e88b205d105a5f83f","userEmail":"admin@example.com","userRole":"admin"}
{"timestamp":"2025-07-04 10:45:09","level":"INFO","message":"API Success Response Dashboard overview retrieved successfully","statusCode":200,"dataType":"object","hasMeta":false}
{"timestamp":"2025-07-04 10:45:09","level":"INFO","message":"API Success Response Categories retrieved successfully","statusCode":200,"dataType":"object","hasMeta":false}
{"timestamp":"2025-07-04 10:45:33","level":"INFO","message":"Starting newsletter processing cycle"}
{"timestamp":"2025-07-04 10:46:14","level":"INFO","message":"User authenticated successfully","userId":"685ea75e88b205d105a5f83f","userEmail":"admin@example.com","userRole":"admin","ip":"::1","userAgent":"Mozilla/5.0 (Windows NT 10.0; Win64; x64) AppleWebKit/537.36 (KHTML, like Gecko) Chrome/137.0.0.0 Safari/537.36"}
{"timestamp":"2025-07-04 10:46:14","level":"INFO","message":"API Success Response Profile retrieved successfully","statusCode":200,"dataType":"object","hasMeta":false}
{"timestamp":"2025-07-04 10:46:14","level":"INFO","message":"API Success Response Categories retrieved successfully","statusCode":200,"dataType":"object","hasMeta":false}
{"timestamp":"2025-07-04 10:46:33","level":"INFO","message":"Starting newsletter processing cycle"}
{"timestamp":"2025-07-04 10:47:16","level":"INFO","message":"Scheduled log cleanup","intervalHours":24,"nextRun":"2025-07-05T14:47:16.305Z"}
{"timestamp":"2025-07-04 10:47:16","level":"INFO","message":"Cart cleanup scheduled","intervalHours":24,"nextRun":"2025-07-05T14:47:16.327Z"}
{"timestamp":"2025-07-04 10:47:16","level":"INFO","message":"Starting newsletter scheduler","intervalMinutes":1,"maxRetries":3}
{"timestamp":"2025-07-04 10:47:16","level":"INFO","message":"Starting newsletter processing cycle"}
{"timestamp":"2025-07-04 10:47:16","level":"INFO","message":"Newsletter scheduler started successfully"}
{"timestamp":"2025-07-04 10:47:16","level":"INFO","message":"Newsletter scheduler initialized successfully"}
{"timestamp":"2025-07-04 10:47:16","level":"INFO","message":"Server started successfully","port":"5000","environment":"development","corsOrigin":"http://localhost:5173"}
{"timestamp":"2025-07-04 10:47:16","level":"INFO","message":"MongoDB connected successfully","database":"mongodb://localhost:27017/ecommerce","maxPoolSize":10,"environment":"development","readPreference":"primaryPreferred","compression":["zlib"]}
{"timestamp":"2025-07-04 10:47:16","level":"INFO","message":"🚀 Starting automatic index creation..."}
{"timestamp":"2025-07-04 10:47:16","level":"ERROR","message":"❌ Error creating Product indexes:"}
{"timestamp":"2025-07-04 10:47:16","level":"ERROR","message":"❌ Product indexes failed: An equivalent index already exists with a different name and options. Requested index: { v: 2, key: { _fts: \"text\", _ftsx: 1 }, name: \"product_text_search\", weights: { description: 5, name: 10, tags: 3 }, default_language: \"english\", language_override: \"language\", textIndexVersion: 3 }, existing index: { v: 2, key: { _fts: \"text\", _ftsx: 1 }, name: \"name_text_description_text\", background: true, weights: { description: 1, name: 1 }, default_language: \"english\", language_override: \"language\", textIndexVersion: 3 }"}
{"timestamp":"2025-07-04 10:47:16","level":"ERROR","message":"❌ Error creating User indexes:"}
{"timestamp":"2025-07-04 10:47:16","level":"ERROR","message":"❌ User indexes failed: Index already exists with a different name: email_1"}
{"timestamp":"2025-07-04 10:47:16","level":"ERROR","message":"❌ Error creating Order indexes:"}
{"timestamp":"2025-07-04 10:47:16","level":"ERROR","message":"❌ Order indexes failed: Index already exists with a different name: user_1_createdAt_-1"}
{"timestamp":"2025-07-04 10:47:16","level":"INFO","message":"✅ Category indexes created successfully"}
{"timestamp":"2025-07-04 10:47:16","level":"INFO","message":"✅ Category indexes created: 4 indexes"}
{"timestamp":"2025-07-04 10:47:16","level":"INFO","message":"✅ ActivityLog indexes created successfully"}
{"timestamp":"2025-07-04 10:47:16","level":"INFO","message":"✅ ActivityLog indexes created: 4 indexes"}
{"timestamp":"2025-07-04 10:47:16","level":"ERROR","message":"❌ Error creating Payment indexes:"}
{"timestamp":"2025-07-04 10:47:16","level":"ERROR","message":"❌ Payment indexes failed: Index already exists with a different name: status_1_createdAt_-1"}
{"timestamp":"2025-07-04 10:47:16","level":"INFO","message":"✅ Cart indexes created successfully"}
{"timestamp":"2025-07-04 10:47:16","level":"INFO","message":"✅ Cart indexes created: 3 indexes"}
{"timestamp":"2025-07-04 10:47:16","level":"ERROR","message":"❌ Error creating Newsletter indexes:"}
{"timestamp":"2025-07-04 10:47:16","level":"ERROR","message":"❌ NewsletterSubscriber indexes failed: Index already exists with a different name: email_1"}
{"timestamp":"2025-07-04 10:47:16","level":"INFO","message":"✅ Support indexes created successfully"}
{"timestamp":"2025-07-04 10:47:16","level":"INFO","message":"✅ Support indexes created: 4 indexes"}
{"timestamp":"2025-07-04 10:47:16","level":"INFO","message":"🎯 Index creation completed","duration":"121ms","created":15,"failed":5,"errors":5}
{"timestamp":"2025-07-04 10:47:16","level":"WARN","message":"⚠️ Some database indexes failed to create","created":15,"failed":5,"errors":["Product: An equivalent index already exists with a different name and options. Requested index: { v: 2, key: { _fts: \"text\", _ftsx: 1 }, name: \"product_text_search\", weights: { description: 5, name: 10, tags: 3 }, default_language: \"english\", language_override: \"language\", textIndexVersion: 3 }, existing index: { v: 2, key: { _fts: \"text\", _ftsx: 1 }, name: \"name_text_description_text\", background: true, weights: { description: 1, name: 1 }, default_language: \"english\", language_override: \"language\", textIndexVersion: 3 }","User: Index already exists with a different name: email_1","Order: Index already exists with a different name: user_1_createdAt_-1","Payment: Index already exists with a different name: status_1_createdAt_-1","NewsletterSubscriber: Index already exists with a different name: email_1"]}
{"timestamp":"2025-07-04 10:47:32","level":"INFO","message":"SIGINT received, shutting down gracefully"}
