{"timestamp":"2025-07-04 10:39:12","level":"ERROR","message":"Failed to connect to MongoDB:","error":"option sslvalidate is not supported","database":"mongodb://localhost:27017/ecommerce","name":"MongoParseError","stack":"MongoParseError: option sslvalidate is not supported\n    at parseOptions (C:\\Users\\Vince\\Desktop\\PROF DINO\\ecommerce-site\\server\\node_modules\\mongodb\\lib\\connection_string.js:278:15)\n    at new MongoClient (C:\\Users\\Vince\\Desktop\\PROF DINO\\ecommerce-site\\server\\node_modules\\mongodb\\lib\\mongo_client.js:65:61)\n    at NativeConnection.createClient (C:\\Users\\Vince\\Desktop\\PROF DINO\\ecommerce-site\\server\\node_modules\\mongoose\\lib\\drivers\\node-mongodb-native\\connection.js:343:14)\n    at NativeConnection.openUri (C:\\Users\\Vince\\Desktop\\PROF DINO\\ecommerce-site\\server\\node_modules\\mongoose\\lib\\connection.js:1071:34)\n    at Mongoose.connect (C:\\Users\\Vince\\Desktop\\PROF DINO\\ecommerce-site\\server\\node_modules\\mongoose\\lib\\mongoose.js:450:15)\n    at connectDB (C:\\Users\\Vince\\Desktop\\PROF DINO\\ecommerce-site\\server\\config\\database.js:52:20)\n    at initializeDatabase (C:\\Users\\Vince\\Desktop\\PROF DINO\\ecommerce-site\\server\\app.js:40:11)\n    at Object.<anonymous> (C:\\Users\\Vince\\Desktop\\PROF DINO\\ecommerce-site\\server\\app.js:69:1)\n    at Module._compile (node:internal/modules/cjs/loader:1730:14)\n    at Object..js (node:internal/modules/cjs/loader:1895:10)"}
{"timestamp":"2025-07-04 10:39:12","level":"ERROR","message":"❌ Database initialization failed: option sslvalidate is not supported","errorLabelSet":{},"stack":"MongoParseError: option sslvalidate is not supported\n    at parseOptions (C:\\Users\\Vince\\Desktop\\PROF DINO\\ecommerce-site\\server\\node_modules\\mongodb\\lib\\connection_string.js:278:15)\n    at new MongoClient (C:\\Users\\Vince\\Desktop\\PROF DINO\\ecommerce-site\\server\\node_modules\\mongodb\\lib\\mongo_client.js:65:61)\n    at NativeConnection.createClient (C:\\Users\\Vince\\Desktop\\PROF DINO\\ecommerce-site\\server\\node_modules\\mongoose\\lib\\drivers\\node-mongodb-native\\connection.js:343:14)\n    at NativeConnection.openUri (C:\\Users\\Vince\\Desktop\\PROF DINO\\ecommerce-site\\server\\node_modules\\mongoose\\lib\\connection.js:1071:34)\n    at Mongoose.connect (C:\\Users\\Vince\\Desktop\\PROF DINO\\ecommerce-site\\server\\node_modules\\mongoose\\lib\\mongoose.js:450:15)\n    at connectDB (C:\\Users\\Vince\\Desktop\\PROF DINO\\ecommerce-site\\server\\config\\database.js:52:20)\n    at initializeDatabase (C:\\Users\\Vince\\Desktop\\PROF DINO\\ecommerce-site\\server\\app.js:40:11)\n    at Object.<anonymous> (C:\\Users\\Vince\\Desktop\\PROF DINO\\ecommerce-site\\server\\app.js:69:1)\n    at Module._compile (node:internal/modules/cjs/loader:1730:14)\n    at Object..js (node:internal/modules/cjs/loader:1895:10)"}
{"timestamp":"2025-07-04 10:41:28","level":"ERROR","message":"Failed to connect to MongoDB:","error":"bufferMaxEntries: \"bufferMaxEntries\" is not a valid option to set","database":"mongodb://localhost:27017/ecommerce","name":"SetOptionError","stack":"SetOptionError: bufferMaxEntries: \"bufferMaxEntries\" is not a valid option to set\n    at Mongoose.getsetOptions (C:\\Users\\Vince\\Desktop\\PROF DINO\\ecommerce-site\\server\\node_modules\\mongoose\\lib\\mongoose.js:281:17)\n    at connectDB (C:\\Users\\Vince\\Desktop\\PROF DINO\\ecommerce-site\\server\\config\\database.js:73:14)\n    at process.processTicksAndRejections (node:internal/process/task_queues:105:5)\n    at async initializeDatabase (C:\\Users\\Vince\\Desktop\\PROF DINO\\ecommerce-site\\server\\app.js:40:5)"}
{"timestamp":"2025-07-04 10:41:28","level":"ERROR","message":"❌ Database initialization failed: bufferMaxEntries: \"bufferMaxEntries\" is not a valid option to set","errors":{"bufferMaxEntries":{}},"stack":"SetOptionError: bufferMaxEntries: \"bufferMaxEntries\" is not a valid option to set\n    at Mongoose.getsetOptions (C:\\Users\\Vince\\Desktop\\PROF DINO\\ecommerce-site\\server\\node_modules\\mongoose\\lib\\mongoose.js:281:17)\n    at connectDB (C:\\Users\\Vince\\Desktop\\PROF DINO\\ecommerce-site\\server\\config\\database.js:73:14)\n    at process.processTicksAndRejections (node:internal/process/task_queues:105:5)\n    at async initializeDatabase (C:\\Users\\Vince\\Desktop\\PROF DINO\\ecommerce-site\\server\\app.js:40:5)"}
{"timestamp":"2025-07-04 10:42:46","level":"ERROR","message":"❌ Error creating Product indexes:"}
{"timestamp":"2025-07-04 10:42:46","level":"ERROR","message":"❌ Product indexes failed: An equivalent index already exists with a different name and options. Requested index: { v: 2, key: { _fts: \"text\", _ftsx: 1 }, name: \"product_text_search\", weights: { description: 5, name: 10, tags: 3 }, default_language: \"english\", language_override: \"language\", textIndexVersion: 3 }, existing index: { v: 2, key: { _fts: \"text\", _ftsx: 1 }, name: \"name_text_description_text\", background: true, weights: { description: 1, name: 1 }, default_language: \"english\", language_override: \"language\", textIndexVersion: 3 }"}
{"timestamp":"2025-07-04 10:42:46","level":"ERROR","message":"❌ Error creating User indexes:"}
{"timestamp":"2025-07-04 10:42:46","level":"ERROR","message":"❌ User indexes failed: Index already exists with a different name: email_1"}
{"timestamp":"2025-07-04 10:42:46","level":"ERROR","message":"❌ Error creating Order indexes:"}
{"timestamp":"2025-07-04 10:42:46","level":"ERROR","message":"❌ Order indexes failed: Index already exists with a different name: user_1_createdAt_-1"}
{"timestamp":"2025-07-04 10:42:47","level":"ERROR","message":"❌ Error creating Payment indexes:"}
{"timestamp":"2025-07-04 10:42:47","level":"ERROR","message":"❌ Payment indexes failed: Index already exists with a different name: status_1_createdAt_-1"}
{"timestamp":"2025-07-04 10:42:47","level":"ERROR","message":"❌ Error creating Newsletter indexes:"}
{"timestamp":"2025-07-04 10:42:47","level":"ERROR","message":"❌ NewsletterSubscriber indexes failed: Index already exists with a different name: email_1"}
{"timestamp":"2025-07-04 10:43:33","level":"ERROR","message":"❌ Error creating Product indexes:"}
{"timestamp":"2025-07-04 10:43:33","level":"ERROR","message":"❌ Product indexes failed: An equivalent index already exists with a different name and options. Requested index: { v: 2, key: { _fts: \"text\", _ftsx: 1 }, name: \"product_text_search\", weights: { description: 5, name: 10, tags: 3 }, default_language: \"english\", language_override: \"language\", textIndexVersion: 3 }, existing index: { v: 2, key: { _fts: \"text\", _ftsx: 1 }, name: \"name_text_description_text\", background: true, weights: { description: 1, name: 1 }, default_language: \"english\", language_override: \"language\", textIndexVersion: 3 }"}
{"timestamp":"2025-07-04 10:43:33","level":"ERROR","message":"❌ Error creating User indexes:"}
{"timestamp":"2025-07-04 10:43:33","level":"ERROR","message":"❌ User indexes failed: Index already exists with a different name: email_1"}
{"timestamp":"2025-07-04 10:43:33","level":"ERROR","message":"❌ Error creating Order indexes:"}
{"timestamp":"2025-07-04 10:43:33","level":"ERROR","message":"❌ Order indexes failed: Index already exists with a different name: user_1_createdAt_-1"}
{"timestamp":"2025-07-04 10:43:33","level":"ERROR","message":"❌ Error creating Payment indexes:"}
{"timestamp":"2025-07-04 10:43:33","level":"ERROR","message":"❌ Payment indexes failed: Index already exists with a different name: status_1_createdAt_-1"}
{"timestamp":"2025-07-04 10:43:33","level":"ERROR","message":"❌ Error creating Newsletter indexes:"}
{"timestamp":"2025-07-04 10:43:33","level":"ERROR","message":"❌ NewsletterSubscriber indexes failed: Index already exists with a different name: email_1"}
{"timestamp":"2025-07-04 10:47:16","level":"ERROR","message":"❌ Error creating Product indexes:"}
{"timestamp":"2025-07-04 10:47:16","level":"ERROR","message":"❌ Product indexes failed: An equivalent index already exists with a different name and options. Requested index: { v: 2, key: { _fts: \"text\", _ftsx: 1 }, name: \"product_text_search\", weights: { description: 5, name: 10, tags: 3 }, default_language: \"english\", language_override: \"language\", textIndexVersion: 3 }, existing index: { v: 2, key: { _fts: \"text\", _ftsx: 1 }, name: \"name_text_description_text\", background: true, weights: { description: 1, name: 1 }, default_language: \"english\", language_override: \"language\", textIndexVersion: 3 }"}
{"timestamp":"2025-07-04 10:47:16","level":"ERROR","message":"❌ Error creating User indexes:"}
{"timestamp":"2025-07-04 10:47:16","level":"ERROR","message":"❌ User indexes failed: Index already exists with a different name: email_1"}
{"timestamp":"2025-07-04 10:47:16","level":"ERROR","message":"❌ Error creating Order indexes:"}
{"timestamp":"2025-07-04 10:47:16","level":"ERROR","message":"❌ Order indexes failed: Index already exists with a different name: user_1_createdAt_-1"}
{"timestamp":"2025-07-04 10:47:16","level":"ERROR","message":"❌ Error creating Payment indexes:"}
{"timestamp":"2025-07-04 10:47:16","level":"ERROR","message":"❌ Payment indexes failed: Index already exists with a different name: status_1_createdAt_-1"}
{"timestamp":"2025-07-04 10:47:16","level":"ERROR","message":"❌ Error creating Newsletter indexes:"}
{"timestamp":"2025-07-04 10:47:16","level":"ERROR","message":"❌ NewsletterSubscriber indexes failed: Index already exists with a different name: email_1"}
