{"timestamp":"2025-06-27 17:41:22","level":"INFO","message":"Scheduled log cleanup","intervalHours":24,"nextRun":"2025-06-28T21:41:22.112Z"}
{"timestamp":"2025-06-27 17:41:22","level":"INFO","message":"Server started successfully","port":"5000","environment":"development","corsOrigin":"http://localhost:5173"}
{"timestamp":"2025-06-27 17:44:19","level":"INFO","message":"Scheduled log cleanup","intervalHours":24,"nextRun":"2025-06-28T21:44:19.645Z"}
{"timestamp":"2025-06-27 17:44:19","level":"INFO","message":"Server started successfully","port":"5000","environment":"development","corsOrigin":"http://localhost:5173"}
{"timestamp":"2025-06-27 17:44:44","level":"HTTP","message":"Incoming request","method":"GET","url":"/api/monitoring/health","ip":"::1","userAgent":"curl/8.12.1","userId":"anonymous","userEmail":"anonymous","userRole":"anonymous"}
{"timestamp":"2025-06-27 17:44:44","level":"HTTP","message":"Request completed","method":"GET","url":"/api/monitoring/health","statusCode":403,"duration":"3ms","contentLength":"61","userId":"anonymous","userEmail":"anonymous","userRole":"anonymous"}
{"timestamp":"2025-06-27 17:45:11","level":"HTTP","message":"Incoming request","method":"GET","url":"/api/health","ip":"::1","userAgent":"curl/8.12.1","userId":"anonymous","userEmail":"anonymous","userRole":"anonymous"}
{"timestamp":"2025-06-27 17:45:11","level":"HTTP","message":"Request completed","method":"GET","url":"/api/health","statusCode":200,"duration":"1ms","contentLength":"82","userId":"anonymous","userEmail":"anonymous","userRole":"anonymous"}
{"timestamp":"2025-06-27 18:18:11","level":"HTTP","message":"Incoming request","method":"GET","url":"/api/dashboard/sales-chart","ip":"::1","userAgent":"Mozilla/5.0 (win32) AppleWebKit/537.36 (KHTML, like Gecko) jsdom/26.1.0","userId":"anonymous","userEmail":"anonymous","userRole":"anonymous"}
{"timestamp":"2025-06-27 18:18:11","level":"HTTP","message":"Request completed","method":"GET","url":"/api/dashboard/sales-chart","statusCode":401,"duration":"2ms","contentLength":"47","userId":"anonymous","userEmail":"anonymous","userRole":"anonymous"}
{"timestamp":"2025-06-27 18:18:11","level":"HTTP","message":"Incoming request","method":"GET","url":"/api/products/admin?page=1&limit=10&search=&category=","ip":"::1","userAgent":"Mozilla/5.0 (win32) AppleWebKit/537.36 (KHTML, like Gecko) jsdom/26.1.0","userId":"anonymous","userEmail":"anonymous","userRole":"anonymous"}
{"timestamp":"2025-06-27 18:18:11","level":"HTTP","message":"Request completed","method":"GET","url":"/api/products/admin?page=1&limit=10&search=&category=","statusCode":401,"duration":"1ms","contentLength":"47","userId":"anonymous","userEmail":"anonymous","userRole":"anonymous"}
{"timestamp":"2025-06-27 18:18:11","level":"HTTP","message":"Incoming request","method":"GET","url":"/api/categories","ip":"::1","userAgent":"Mozilla/5.0 (win32) AppleWebKit/537.36 (KHTML, like Gecko) jsdom/26.1.0","userId":"anonymous","userEmail":"anonymous","userRole":"anonymous"}
{"timestamp":"2025-06-27 18:18:11","level":"HTTP","message":"Incoming request","method":"GET","url":"/api/dashboard/sales-chart","ip":"::1","userAgent":"Mozilla/5.0 (win32) AppleWebKit/537.36 (KHTML, like Gecko) jsdom/26.1.0","userId":"anonymous","userEmail":"anonymous","userRole":"anonymous"}
{"timestamp":"2025-06-27 18:18:11","level":"HTTP","message":"Request completed","method":"GET","url":"/api/dashboard/sales-chart","statusCode":401,"duration":"0ms","contentLength":"47","userId":"anonymous","userEmail":"anonymous","userRole":"anonymous"}
{"timestamp":"2025-06-27 18:18:11","level":"HTTP","message":"Incoming request","method":"GET","url":"/api/dashboard/sales-chart","ip":"::1","userAgent":"Mozilla/5.0 (win32) AppleWebKit/537.36 (KHTML, like Gecko) jsdom/26.1.0","userId":"anonymous","userEmail":"anonymous","userRole":"anonymous"}
{"timestamp":"2025-06-27 18:18:11","level":"HTTP","message":"Request completed","method":"GET","url":"/api/dashboard/sales-chart","statusCode":401,"duration":"1ms","contentLength":"47","userId":"anonymous","userEmail":"anonymous","userRole":"anonymous"}
{"timestamp":"2025-06-27 18:18:11","level":"HTTP","message":"Incoming request","method":"GET","url":"/api/products/admin?page=1&limit=10&search=&category=","ip":"::1","userAgent":"Mozilla/5.0 (win32) AppleWebKit/537.36 (KHTML, like Gecko) jsdom/26.1.0","userId":"anonymous","userEmail":"anonymous","userRole":"anonymous"}
{"timestamp":"2025-06-27 18:18:11","level":"HTTP","message":"Request completed","method":"GET","url":"/api/products/admin?page=1&limit=10&search=&category=","statusCode":401,"duration":"0ms","contentLength":"47","userId":"anonymous","userEmail":"anonymous","userRole":"anonymous"}
{"timestamp":"2025-06-27 18:18:11","level":"HTTP","message":"Incoming request","method":"GET","url":"/api/categories","ip":"::1","userAgent":"Mozilla/5.0 (win32) AppleWebKit/537.36 (KHTML, like Gecko) jsdom/26.1.0","userId":"anonymous","userEmail":"anonymous","userRole":"anonymous"}
{"timestamp":"2025-06-27 18:18:11","level":"HTTP","message":"Incoming request","method":"GET","url":"/api/dashboard/sales-chart","ip":"::1","userAgent":"Mozilla/5.0 (win32) AppleWebKit/537.36 (KHTML, like Gecko) jsdom/26.1.0","userId":"anonymous","userEmail":"anonymous","userRole":"anonymous"}
{"timestamp":"2025-06-27 18:18:11","level":"HTTP","message":"Request completed","method":"GET","url":"/api/dashboard/sales-chart","statusCode":401,"duration":"0ms","contentLength":"47","userId":"anonymous","userEmail":"anonymous","userRole":"anonymous"}
{"timestamp":"2025-06-27 18:18:11","level":"HTTP","message":"Request completed","method":"GET","url":"/api/categories","statusCode":200,"duration":"15ms","contentLength":"1431","userId":"anonymous","userEmail":"anonymous","userRole":"anonymous"}
{"timestamp":"2025-06-27 18:18:11","level":"HTTP","message":"Request completed","method":"GET","url":"/api/categories","statusCode":200,"duration":"10ms","contentLength":"1431","userId":"anonymous","userEmail":"anonymous","userRole":"anonymous"}
{"timestamp":"2025-06-27 18:18:11","level":"HTTP","message":"Incoming request","method":"GET","url":"/api/dashboard/sales-chart","ip":"::1","userAgent":"Mozilla/5.0 (win32) AppleWebKit/537.36 (KHTML, like Gecko) jsdom/26.1.0","userId":"anonymous","userEmail":"anonymous","userRole":"anonymous"}
{"timestamp":"2025-06-27 18:18:11","level":"HTTP","message":"Request completed","method":"GET","url":"/api/dashboard/sales-chart","statusCode":401,"duration":"1ms","contentLength":"47","userId":"anonymous","userEmail":"anonymous","userRole":"anonymous"}
{"timestamp":"2025-06-27 18:18:11","level":"HTTP","message":"Incoming request","method":"GET","url":"/api/dashboard/sales-chart","ip":"::1","userAgent":"Mozilla/5.0 (win32) AppleWebKit/537.36 (KHTML, like Gecko) jsdom/26.1.0","userId":"anonymous","userEmail":"anonymous","userRole":"anonymous"}
{"timestamp":"2025-06-27 18:18:11","level":"HTTP","message":"Request completed","method":"GET","url":"/api/dashboard/sales-chart","statusCode":401,"duration":"1ms","contentLength":"47","userId":"anonymous","userEmail":"anonymous","userRole":"anonymous"}
{"timestamp":"2025-06-27 18:18:11","level":"HTTP","message":"Incoming request","method":"GET","url":"/api/dashboard/sales-chart","ip":"::1","userAgent":"Mozilla/5.0 (win32) AppleWebKit/537.36 (KHTML, like Gecko) jsdom/26.1.0","userId":"anonymous","userEmail":"anonymous","userRole":"anonymous"}
{"timestamp":"2025-06-27 18:18:11","level":"HTTP","message":"Request completed","method":"GET","url":"/api/dashboard/sales-chart","statusCode":401,"duration":"1ms","contentLength":"47","userId":"anonymous","userEmail":"anonymous","userRole":"anonymous"}
{"timestamp":"2025-06-27 18:18:11","level":"HTTP","message":"Incoming request","method":"GET","url":"/api/dashboard/sales-chart","ip":"::1","userAgent":"Mozilla/5.0 (win32) AppleWebKit/537.36 (KHTML, like Gecko) jsdom/26.1.0","userId":"anonymous","userEmail":"anonymous","userRole":"anonymous"}
{"timestamp":"2025-06-27 18:18:11","level":"HTTP","message":"Request completed","method":"GET","url":"/api/dashboard/sales-chart","statusCode":401,"duration":"0ms","contentLength":"47","userId":"anonymous","userEmail":"anonymous","userRole":"anonymous"}
{"timestamp":"2025-06-27 18:18:11","level":"HTTP","message":"Incoming request","method":"GET","url":"/api/dashboard/sales-chart","ip":"::1","userAgent":"Mozilla/5.0 (win32) AppleWebKit/537.36 (KHTML, like Gecko) jsdom/26.1.0","userId":"anonymous","userEmail":"anonymous","userRole":"anonymous"}
{"timestamp":"2025-06-27 18:18:11","level":"HTTP","message":"Request completed","method":"GET","url":"/api/dashboard/sales-chart","statusCode":401,"duration":"1ms","contentLength":"47","userId":"anonymous","userEmail":"anonymous","userRole":"anonymous"}
{"timestamp":"2025-06-27 18:18:11","level":"HTTP","message":"Incoming request","method":"GET","url":"/api/dashboard/sales-chart","ip":"::1","userAgent":"Mozilla/5.0 (win32) AppleWebKit/537.36 (KHTML, like Gecko) jsdom/26.1.0","userId":"anonymous","userEmail":"anonymous","userRole":"anonymous"}
{"timestamp":"2025-06-27 18:18:11","level":"HTTP","message":"Request completed","method":"GET","url":"/api/dashboard/sales-chart","statusCode":401,"duration":"1ms","contentLength":"47","userId":"anonymous","userEmail":"anonymous","userRole":"anonymous"}
{"timestamp":"2025-06-27 18:18:11","level":"HTTP","message":"Incoming request","method":"GET","url":"/api/dashboard/sales-chart","ip":"::1","userAgent":"Mozilla/5.0 (win32) AppleWebKit/537.36 (KHTML, like Gecko) jsdom/26.1.0","userId":"anonymous","userEmail":"anonymous","userRole":"anonymous"}
{"timestamp":"2025-06-27 18:18:11","level":"HTTP","message":"Request completed","method":"GET","url":"/api/dashboard/sales-chart","statusCode":401,"duration":"1ms","contentLength":"47","userId":"anonymous","userEmail":"anonymous","userRole":"anonymous"}
{"timestamp":"2025-06-27 18:18:11","level":"HTTP","message":"Incoming request","method":"GET","url":"/api/dashboard/sales-chart","ip":"::1","userAgent":"Mozilla/5.0 (win32) AppleWebKit/537.36 (KHTML, like Gecko) jsdom/26.1.0","userId":"anonymous","userEmail":"anonymous","userRole":"anonymous"}
{"timestamp":"2025-06-27 18:18:11","level":"HTTP","message":"Request completed","method":"GET","url":"/api/dashboard/sales-chart","statusCode":401,"duration":"0ms","contentLength":"47","userId":"anonymous","userEmail":"anonymous","userRole":"anonymous"}
{"timestamp":"2025-06-27 18:18:11","level":"HTTP","message":"Incoming request","method":"GET","url":"/api/dashboard/sales-chart","ip":"::1","userAgent":"Mozilla/5.0 (win32) AppleWebKit/537.36 (KHTML, like Gecko) jsdom/26.1.0","userId":"anonymous","userEmail":"anonymous","userRole":"anonymous"}
{"timestamp":"2025-06-27 18:18:11","level":"HTTP","message":"Request completed","method":"GET","url":"/api/dashboard/sales-chart","statusCode":401,"duration":"1ms","contentLength":"47","userId":"anonymous","userEmail":"anonymous","userRole":"anonymous"}
{"timestamp":"2025-06-27 18:18:11","level":"HTTP","message":"Incoming request","method":"GET","url":"/api/dashboard/sales-chart","ip":"::1","userAgent":"Mozilla/5.0 (win32) AppleWebKit/537.36 (KHTML, like Gecko) jsdom/26.1.0","userId":"anonymous","userEmail":"anonymous","userRole":"anonymous"}
{"timestamp":"2025-06-27 18:18:11","level":"HTTP","message":"Request completed","method":"GET","url":"/api/dashboard/sales-chart","statusCode":401,"duration":"0ms","contentLength":"47","userId":"anonymous","userEmail":"anonymous","userRole":"anonymous"}
{"timestamp":"2025-06-27 18:18:11","level":"HTTP","message":"Incoming request","method":"GET","url":"/api/dashboard/sales-chart","ip":"::1","userAgent":"Mozilla/5.0 (win32) AppleWebKit/537.36 (KHTML, like Gecko) jsdom/26.1.0","userId":"anonymous","userEmail":"anonymous","userRole":"anonymous"}
{"timestamp":"2025-06-27 18:18:11","level":"HTTP","message":"Request completed","method":"GET","url":"/api/dashboard/sales-chart","statusCode":401,"duration":"1ms","contentLength":"47","userId":"anonymous","userEmail":"anonymous","userRole":"anonymous"}
{"timestamp":"2025-06-27 18:18:11","level":"HTTP","message":"Incoming request","method":"GET","url":"/api/dashboard/sales-chart","ip":"::1","userAgent":"Mozilla/5.0 (win32) AppleWebKit/537.36 (KHTML, like Gecko) jsdom/26.1.0","userId":"anonymous","userEmail":"anonymous","userRole":"anonymous"}
{"timestamp":"2025-06-27 18:18:11","level":"HTTP","message":"Request completed","method":"GET","url":"/api/dashboard/sales-chart","statusCode":401,"duration":"1ms","contentLength":"47","userId":"anonymous","userEmail":"anonymous","userRole":"anonymous"}
{"timestamp":"2025-06-27 18:18:11","level":"HTTP","message":"Incoming request","method":"GET","url":"/api/dashboard/sales-chart","ip":"::1","userAgent":"Mozilla/5.0 (win32) AppleWebKit/537.36 (KHTML, like Gecko) jsdom/26.1.0","userId":"anonymous","userEmail":"anonymous","userRole":"anonymous"}
{"timestamp":"2025-06-27 18:18:11","level":"HTTP","message":"Request completed","method":"GET","url":"/api/dashboard/sales-chart","statusCode":401,"duration":"0ms","contentLength":"47","userId":"anonymous","userEmail":"anonymous","userRole":"anonymous"}
{"timestamp":"2025-06-27 18:18:11","level":"HTTP","message":"Incoming request","method":"GET","url":"/api/dashboard/sales-chart","ip":"::1","userAgent":"Mozilla/5.0 (win32) AppleWebKit/537.36 (KHTML, like Gecko) jsdom/26.1.0","userId":"anonymous","userEmail":"anonymous","userRole":"anonymous"}
{"timestamp":"2025-06-27 18:18:11","level":"HTTP","message":"Request completed","method":"GET","url":"/api/dashboard/sales-chart","statusCode":401,"duration":"0ms","contentLength":"47","userId":"anonymous","userEmail":"anonymous","userRole":"anonymous"}
{"timestamp":"2025-06-27 18:18:11","level":"HTTP","message":"Incoming request","method":"GET","url":"/api/dashboard/sales-chart","ip":"::1","userAgent":"Mozilla/5.0 (win32) AppleWebKit/537.36 (KHTML, like Gecko) jsdom/26.1.0","userId":"anonymous","userEmail":"anonymous","userRole":"anonymous"}
{"timestamp":"2025-06-27 18:18:11","level":"HTTP","message":"Request completed","method":"GET","url":"/api/dashboard/sales-chart","statusCode":401,"duration":"0ms","contentLength":"47","userId":"anonymous","userEmail":"anonymous","userRole":"anonymous"}
{"timestamp":"2025-06-27 18:18:11","level":"HTTP","message":"Incoming request","method":"GET","url":"/api/dashboard/sales-chart","ip":"::1","userAgent":"Mozilla/5.0 (win32) AppleWebKit/537.36 (KHTML, like Gecko) jsdom/26.1.0","userId":"anonymous","userEmail":"anonymous","userRole":"anonymous"}
{"timestamp":"2025-06-27 18:18:11","level":"HTTP","message":"Request completed","method":"GET","url":"/api/dashboard/sales-chart","statusCode":401,"duration":"0ms","contentLength":"47","userId":"anonymous","userEmail":"anonymous","userRole":"anonymous"}
{"timestamp":"2025-06-27 18:18:11","level":"HTTP","message":"Incoming request","method":"GET","url":"/api/dashboard/sales-chart","ip":"::1","userAgent":"Mozilla/5.0 (win32) AppleWebKit/537.36 (KHTML, like Gecko) jsdom/26.1.0","userId":"anonymous","userEmail":"anonymous","userRole":"anonymous"}
{"timestamp":"2025-06-27 18:18:11","level":"HTTP","message":"Request completed","method":"GET","url":"/api/dashboard/sales-chart","statusCode":401,"duration":"0ms","contentLength":"47","userId":"anonymous","userEmail":"anonymous","userRole":"anonymous"}
{"timestamp":"2025-06-27 18:18:11","level":"HTTP","message":"Incoming request","method":"GET","url":"/api/dashboard/sales-chart","ip":"::1","userAgent":"Mozilla/5.0 (win32) AppleWebKit/537.36 (KHTML, like Gecko) jsdom/26.1.0","userId":"anonymous","userEmail":"anonymous","userRole":"anonymous"}
{"timestamp":"2025-06-27 18:18:11","level":"HTTP","message":"Request completed","method":"GET","url":"/api/dashboard/sales-chart","statusCode":401,"duration":"0ms","contentLength":"47","userId":"anonymous","userEmail":"anonymous","userRole":"anonymous"}
{"timestamp":"2025-06-27 18:18:11","level":"HTTP","message":"Incoming request","method":"GET","url":"/api/dashboard/sales-chart","ip":"::1","userAgent":"Mozilla/5.0 (win32) AppleWebKit/537.36 (KHTML, like Gecko) jsdom/26.1.0","userId":"anonymous","userEmail":"anonymous","userRole":"anonymous"}
{"timestamp":"2025-06-27 18:18:11","level":"HTTP","message":"Request completed","method":"GET","url":"/api/dashboard/sales-chart","statusCode":401,"duration":"2ms","contentLength":"47","userId":"anonymous","userEmail":"anonymous","userRole":"anonymous"}
{"timestamp":"2025-06-27 18:18:11","level":"HTTP","message":"Incoming request","method":"GET","url":"/api/dashboard/sales-chart","ip":"::1","userAgent":"Mozilla/5.0 (win32) AppleWebKit/537.36 (KHTML, like Gecko) jsdom/26.1.0","userId":"anonymous","userEmail":"anonymous","userRole":"anonymous"}
{"timestamp":"2025-06-27 18:18:11","level":"HTTP","message":"Request completed","method":"GET","url":"/api/dashboard/sales-chart","statusCode":401,"duration":"1ms","contentLength":"47","userId":"anonymous","userEmail":"anonymous","userRole":"anonymous"}
{"timestamp":"2025-06-27 18:18:11","level":"HTTP","message":"Incoming request","method":"GET","url":"/api/dashboard/sales-chart","ip":"::1","userAgent":"Mozilla/5.0 (win32) AppleWebKit/537.36 (KHTML, like Gecko) jsdom/26.1.0","userId":"anonymous","userEmail":"anonymous","userRole":"anonymous"}
{"timestamp":"2025-06-27 18:18:11","level":"HTTP","message":"Request completed","method":"GET","url":"/api/dashboard/sales-chart","statusCode":401,"duration":"1ms","contentLength":"47","userId":"anonymous","userEmail":"anonymous","userRole":"anonymous"}
{"timestamp":"2025-06-27 18:18:11","level":"HTTP","message":"Incoming request","method":"GET","url":"/api/dashboard/sales-chart","ip":"::1","userAgent":"Mozilla/5.0 (win32) AppleWebKit/537.36 (KHTML, like Gecko) jsdom/26.1.0","userId":"anonymous","userEmail":"anonymous","userRole":"anonymous"}
{"timestamp":"2025-06-27 18:18:11","level":"HTTP","message":"Request completed","method":"GET","url":"/api/dashboard/sales-chart","statusCode":401,"duration":"0ms","contentLength":"47","userId":"anonymous","userEmail":"anonymous","userRole":"anonymous"}
{"timestamp":"2025-06-27 18:18:11","level":"HTTP","message":"Incoming request","method":"GET","url":"/api/dashboard/sales-chart","ip":"::1","userAgent":"Mozilla/5.0 (win32) AppleWebKit/537.36 (KHTML, like Gecko) jsdom/26.1.0","userId":"anonymous","userEmail":"anonymous","userRole":"anonymous"}
{"timestamp":"2025-06-27 18:18:11","level":"HTTP","message":"Request completed","method":"GET","url":"/api/dashboard/sales-chart","statusCode":401,"duration":"1ms","contentLength":"47","userId":"anonymous","userEmail":"anonymous","userRole":"anonymous"}
{"timestamp":"2025-06-27 18:18:11","level":"HTTP","message":"Incoming request","method":"GET","url":"/api/dashboard/sales-chart","ip":"::1","userAgent":"Mozilla/5.0 (win32) AppleWebKit/537.36 (KHTML, like Gecko) jsdom/26.1.0","userId":"anonymous","userEmail":"anonymous","userRole":"anonymous"}
{"timestamp":"2025-06-27 18:18:11","level":"HTTP","message":"Request completed","method":"GET","url":"/api/dashboard/sales-chart","statusCode":401,"duration":"0ms","contentLength":"47","userId":"anonymous","userEmail":"anonymous","userRole":"anonymous"}
{"timestamp":"2025-06-27 18:18:11","level":"HTTP","message":"Incoming request","method":"GET","url":"/api/dashboard/sales-chart","ip":"::1","userAgent":"Mozilla/5.0 (win32) AppleWebKit/537.36 (KHTML, like Gecko) jsdom/26.1.0","userId":"anonymous","userEmail":"anonymous","userRole":"anonymous"}
{"timestamp":"2025-06-27 18:18:11","level":"HTTP","message":"Request completed","method":"GET","url":"/api/dashboard/sales-chart","statusCode":401,"duration":"1ms","contentLength":"47","userId":"anonymous","userEmail":"anonymous","userRole":"anonymous"}
{"timestamp":"2025-06-27 18:18:11","level":"HTTP","message":"Incoming request","method":"GET","url":"/api/dashboard/sales-chart","ip":"::1","userAgent":"Mozilla/5.0 (win32) AppleWebKit/537.36 (KHTML, like Gecko) jsdom/26.1.0","userId":"anonymous","userEmail":"anonymous","userRole":"anonymous"}
{"timestamp":"2025-06-27 18:18:11","level":"HTTP","message":"Request completed","method":"GET","url":"/api/dashboard/sales-chart","statusCode":401,"duration":"0ms","contentLength":"47","userId":"anonymous","userEmail":"anonymous","userRole":"anonymous"}
{"timestamp":"2025-06-27 18:18:11","level":"HTTP","message":"Incoming request","method":"GET","url":"/api/dashboard/sales-chart","ip":"::1","userAgent":"Mozilla/5.0 (win32) AppleWebKit/537.36 (KHTML, like Gecko) jsdom/26.1.0","userId":"anonymous","userEmail":"anonymous","userRole":"anonymous"}
{"timestamp":"2025-06-27 18:18:11","level":"HTTP","message":"Request completed","method":"GET","url":"/api/dashboard/sales-chart","statusCode":401,"duration":"0ms","contentLength":"47","userId":"anonymous","userEmail":"anonymous","userRole":"anonymous"}
{"timestamp":"2025-06-27 18:18:11","level":"HTTP","message":"Incoming request","method":"GET","url":"/api/dashboard/sales-chart","ip":"::1","userAgent":"Mozilla/5.0 (win32) AppleWebKit/537.36 (KHTML, like Gecko) jsdom/26.1.0","userId":"anonymous","userEmail":"anonymous","userRole":"anonymous"}
{"timestamp":"2025-06-27 18:18:11","level":"HTTP","message":"Request completed","method":"GET","url":"/api/dashboard/sales-chart","statusCode":401,"duration":"1ms","contentLength":"47","userId":"anonymous","userEmail":"anonymous","userRole":"anonymous"}
{"timestamp":"2025-06-27 18:18:11","level":"HTTP","message":"Incoming request","method":"GET","url":"/api/dashboard/sales-chart","ip":"::1","userAgent":"Mozilla/5.0 (win32) AppleWebKit/537.36 (KHTML, like Gecko) jsdom/26.1.0","userId":"anonymous","userEmail":"anonymous","userRole":"anonymous"}
{"timestamp":"2025-06-27 18:18:11","level":"HTTP","message":"Request completed","method":"GET","url":"/api/dashboard/sales-chart","statusCode":401,"duration":"0ms","contentLength":"47","userId":"anonymous","userEmail":"anonymous","userRole":"anonymous"}
{"timestamp":"2025-06-27 18:18:11","level":"HTTP","message":"Incoming request","method":"GET","url":"/api/dashboard/sales-chart","ip":"::1","userAgent":"Mozilla/5.0 (win32) AppleWebKit/537.36 (KHTML, like Gecko) jsdom/26.1.0","userId":"anonymous","userEmail":"anonymous","userRole":"anonymous"}
{"timestamp":"2025-06-27 18:18:11","level":"HTTP","message":"Request completed","method":"GET","url":"/api/dashboard/sales-chart","statusCode":401,"duration":"1ms","contentLength":"47","userId":"anonymous","userEmail":"anonymous","userRole":"anonymous"}
{"timestamp":"2025-06-27 18:18:11","level":"HTTP","message":"Incoming request","method":"GET","url":"/api/dashboard/sales-chart","ip":"::1","userAgent":"Mozilla/5.0 (win32) AppleWebKit/537.36 (KHTML, like Gecko) jsdom/26.1.0","userId":"anonymous","userEmail":"anonymous","userRole":"anonymous"}
{"timestamp":"2025-06-27 18:18:11","level":"HTTP","message":"Request completed","method":"GET","url":"/api/dashboard/sales-chart","statusCode":401,"duration":"0ms","contentLength":"47","userId":"anonymous","userEmail":"anonymous","userRole":"anonymous"}
{"timestamp":"2025-06-27 18:18:11","level":"HTTP","message":"Incoming request","method":"GET","url":"/api/dashboard/sales-chart","ip":"::1","userAgent":"Mozilla/5.0 (win32) AppleWebKit/537.36 (KHTML, like Gecko) jsdom/26.1.0","userId":"anonymous","userEmail":"anonymous","userRole":"anonymous"}
{"timestamp":"2025-06-27 18:18:11","level":"HTTP","message":"Request completed","method":"GET","url":"/api/dashboard/sales-chart","statusCode":401,"duration":"0ms","contentLength":"47","userId":"anonymous","userEmail":"anonymous","userRole":"anonymous"}
{"timestamp":"2025-06-27 18:18:11","level":"HTTP","message":"Incoming request","method":"GET","url":"/api/dashboard/sales-chart","ip":"::1","userAgent":"Mozilla/5.0 (win32) AppleWebKit/537.36 (KHTML, like Gecko) jsdom/26.1.0","userId":"anonymous","userEmail":"anonymous","userRole":"anonymous"}
{"timestamp":"2025-06-27 18:18:11","level":"HTTP","message":"Request completed","method":"GET","url":"/api/dashboard/sales-chart","statusCode":401,"duration":"1ms","contentLength":"47","userId":"anonymous","userEmail":"anonymous","userRole":"anonymous"}
{"timestamp":"2025-06-27 18:18:11","level":"HTTP","message":"Incoming request","method":"GET","url":"/api/dashboard/sales-chart","ip":"::1","userAgent":"Mozilla/5.0 (win32) AppleWebKit/537.36 (KHTML, like Gecko) jsdom/26.1.0","userId":"anonymous","userEmail":"anonymous","userRole":"anonymous"}
{"timestamp":"2025-06-27 18:18:11","level":"HTTP","message":"Request completed","method":"GET","url":"/api/dashboard/sales-chart","statusCode":401,"duration":"1ms","contentLength":"47","userId":"anonymous","userEmail":"anonymous","userRole":"anonymous"}
{"timestamp":"2025-06-27 18:18:11","level":"HTTP","message":"Incoming request","method":"GET","url":"/api/dashboard/sales-chart","ip":"::1","userAgent":"Mozilla/5.0 (win32) AppleWebKit/537.36 (KHTML, like Gecko) jsdom/26.1.0","userId":"anonymous","userEmail":"anonymous","userRole":"anonymous"}
{"timestamp":"2025-06-27 18:18:11","level":"HTTP","message":"Request completed","method":"GET","url":"/api/dashboard/sales-chart","statusCode":401,"duration":"0ms","contentLength":"47","userId":"anonymous","userEmail":"anonymous","userRole":"anonymous"}
{"timestamp":"2025-06-27 18:18:11","level":"HTTP","message":"Incoming request","method":"GET","url":"/api/dashboard/sales-chart","ip":"::1","userAgent":"Mozilla/5.0 (win32) AppleWebKit/537.36 (KHTML, like Gecko) jsdom/26.1.0","userId":"anonymous","userEmail":"anonymous","userRole":"anonymous"}
{"timestamp":"2025-06-27 18:18:11","level":"HTTP","message":"Request completed","method":"GET","url":"/api/dashboard/sales-chart","statusCode":401,"duration":"0ms","contentLength":"47","userId":"anonymous","userEmail":"anonymous","userRole":"anonymous"}
{"timestamp":"2025-06-27 18:18:11","level":"HTTP","message":"Incoming request","method":"GET","url":"/api/dashboard/sales-chart","ip":"::1","userAgent":"Mozilla/5.0 (win32) AppleWebKit/537.36 (KHTML, like Gecko) jsdom/26.1.0","userId":"anonymous","userEmail":"anonymous","userRole":"anonymous"}
{"timestamp":"2025-06-27 18:18:11","level":"HTTP","message":"Request completed","method":"GET","url":"/api/dashboard/sales-chart","statusCode":401,"duration":"1ms","contentLength":"47","userId":"anonymous","userEmail":"anonymous","userRole":"anonymous"}
{"timestamp":"2025-06-27 18:18:11","level":"HTTP","message":"Incoming request","method":"GET","url":"/api/dashboard/sales-chart","ip":"::1","userAgent":"Mozilla/5.0 (win32) AppleWebKit/537.36 (KHTML, like Gecko) jsdom/26.1.0","userId":"anonymous","userEmail":"anonymous","userRole":"anonymous"}
{"timestamp":"2025-06-27 18:18:11","level":"HTTP","message":"Request completed","method":"GET","url":"/api/dashboard/sales-chart","statusCode":401,"duration":"1ms","contentLength":"47","userId":"anonymous","userEmail":"anonymous","userRole":"anonymous"}
{"timestamp":"2025-06-27 18:18:11","level":"HTTP","message":"Incoming request","method":"GET","url":"/api/dashboard/sales-chart","ip":"::1","userAgent":"Mozilla/5.0 (win32) AppleWebKit/537.36 (KHTML, like Gecko) jsdom/26.1.0","userId":"anonymous","userEmail":"anonymous","userRole":"anonymous"}
{"timestamp":"2025-06-27 18:18:11","level":"HTTP","message":"Request completed","method":"GET","url":"/api/dashboard/sales-chart","statusCode":401,"duration":"1ms","contentLength":"47","userId":"anonymous","userEmail":"anonymous","userRole":"anonymous"}
{"timestamp":"2025-06-27 18:18:11","level":"HTTP","message":"Incoming request","method":"GET","url":"/api/dashboard/sales-chart","ip":"::1","userAgent":"Mozilla/5.0 (win32) AppleWebKit/537.36 (KHTML, like Gecko) jsdom/26.1.0","userId":"anonymous","userEmail":"anonymous","userRole":"anonymous"}
{"timestamp":"2025-06-27 18:18:11","level":"HTTP","message":"Request completed","method":"GET","url":"/api/dashboard/sales-chart","statusCode":401,"duration":"1ms","contentLength":"47","userId":"anonymous","userEmail":"anonymous","userRole":"anonymous"}
{"timestamp":"2025-06-27 18:18:11","level":"HTTP","message":"Incoming request","method":"GET","url":"/api/dashboard/sales-chart","ip":"::1","userAgent":"Mozilla/5.0 (win32) AppleWebKit/537.36 (KHTML, like Gecko) jsdom/26.1.0","userId":"anonymous","userEmail":"anonymous","userRole":"anonymous"}
{"timestamp":"2025-06-27 18:18:11","level":"HTTP","message":"Request completed","method":"GET","url":"/api/dashboard/sales-chart","statusCode":401,"duration":"1ms","contentLength":"47","userId":"anonymous","userEmail":"anonymous","userRole":"anonymous"}
{"timestamp":"2025-06-27 18:18:11","level":"HTTP","message":"Incoming request","method":"GET","url":"/api/dashboard/sales-chart","ip":"::1","userAgent":"Mozilla/5.0 (win32) AppleWebKit/537.36 (KHTML, like Gecko) jsdom/26.1.0","userId":"anonymous","userEmail":"anonymous","userRole":"anonymous"}
{"timestamp":"2025-06-27 18:18:11","level":"HTTP","message":"Request completed","method":"GET","url":"/api/dashboard/sales-chart","statusCode":401,"duration":"0ms","contentLength":"47","userId":"anonymous","userEmail":"anonymous","userRole":"anonymous"}
{"timestamp":"2025-06-27 18:18:11","level":"HTTP","message":"Incoming request","method":"GET","url":"/api/dashboard/sales-chart","ip":"::1","userAgent":"Mozilla/5.0 (win32) AppleWebKit/537.36 (KHTML, like Gecko) jsdom/26.1.0","userId":"anonymous","userEmail":"anonymous","userRole":"anonymous"}
{"timestamp":"2025-06-27 18:18:11","level":"HTTP","message":"Request completed","method":"GET","url":"/api/dashboard/sales-chart","statusCode":401,"duration":"1ms","contentLength":"47","userId":"anonymous","userEmail":"anonymous","userRole":"anonymous"}
{"timestamp":"2025-06-27 18:18:11","level":"HTTP","message":"Incoming request","method":"GET","url":"/api/dashboard/sales-chart","ip":"::1","userAgent":"Mozilla/5.0 (win32) AppleWebKit/537.36 (KHTML, like Gecko) jsdom/26.1.0","userId":"anonymous","userEmail":"anonymous","userRole":"anonymous"}
{"timestamp":"2025-06-27 18:18:11","level":"HTTP","message":"Request completed","method":"GET","url":"/api/dashboard/sales-chart","statusCode":401,"duration":"0ms","contentLength":"47","userId":"anonymous","userEmail":"anonymous","userRole":"anonymous"}
{"timestamp":"2025-06-27 18:18:11","level":"HTTP","message":"Incoming request","method":"GET","url":"/api/dashboard/sales-chart","ip":"::1","userAgent":"Mozilla/5.0 (win32) AppleWebKit/537.36 (KHTML, like Gecko) jsdom/26.1.0","userId":"anonymous","userEmail":"anonymous","userRole":"anonymous"}
{"timestamp":"2025-06-27 18:18:11","level":"HTTP","message":"Request completed","method":"GET","url":"/api/dashboard/sales-chart","statusCode":401,"duration":"1ms","contentLength":"47","userId":"anonymous","userEmail":"anonymous","userRole":"anonymous"}
{"timestamp":"2025-06-27 18:18:11","level":"HTTP","message":"Incoming request","method":"GET","url":"/api/dashboard/sales-chart","ip":"::1","userAgent":"Mozilla/5.0 (win32) AppleWebKit/537.36 (KHTML, like Gecko) jsdom/26.1.0","userId":"anonymous","userEmail":"anonymous","userRole":"anonymous"}
{"timestamp":"2025-06-27 18:18:11","level":"HTTP","message":"Request completed","method":"GET","url":"/api/dashboard/sales-chart","statusCode":401,"duration":"1ms","contentLength":"47","userId":"anonymous","userEmail":"anonymous","userRole":"anonymous"}
{"timestamp":"2025-06-27 18:18:11","level":"HTTP","message":"Incoming request","method":"GET","url":"/api/dashboard/sales-chart","ip":"::1","userAgent":"Mozilla/5.0 (win32) AppleWebKit/537.36 (KHTML, like Gecko) jsdom/26.1.0","userId":"anonymous","userEmail":"anonymous","userRole":"anonymous"}
{"timestamp":"2025-06-27 18:18:11","level":"HTTP","message":"Request completed","method":"GET","url":"/api/dashboard/sales-chart","statusCode":401,"duration":"0ms","contentLength":"47","userId":"anonymous","userEmail":"anonymous","userRole":"anonymous"}
{"timestamp":"2025-06-27 18:18:11","level":"HTTP","message":"Incoming request","method":"GET","url":"/api/dashboard/sales-chart","ip":"::1","userAgent":"Mozilla/5.0 (win32) AppleWebKit/537.36 (KHTML, like Gecko) jsdom/26.1.0","userId":"anonymous","userEmail":"anonymous","userRole":"anonymous"}
{"timestamp":"2025-06-27 18:18:11","level":"HTTP","message":"Request completed","method":"GET","url":"/api/dashboard/sales-chart","statusCode":401,"duration":"0ms","contentLength":"47","userId":"anonymous","userEmail":"anonymous","userRole":"anonymous"}
{"timestamp":"2025-06-27 18:18:11","level":"HTTP","message":"Incoming request","method":"GET","url":"/api/dashboard/sales-chart","ip":"::1","userAgent":"Mozilla/5.0 (win32) AppleWebKit/537.36 (KHTML, like Gecko) jsdom/26.1.0","userId":"anonymous","userEmail":"anonymous","userRole":"anonymous"}
{"timestamp":"2025-06-27 18:18:11","level":"HTTP","message":"Request completed","method":"GET","url":"/api/dashboard/sales-chart","statusCode":401,"duration":"1ms","contentLength":"47","userId":"anonymous","userEmail":"anonymous","userRole":"anonymous"}
{"timestamp":"2025-06-27 18:18:11","level":"HTTP","message":"Incoming request","method":"GET","url":"/api/dashboard/sales-chart","ip":"::1","userAgent":"Mozilla/5.0 (win32) AppleWebKit/537.36 (KHTML, like Gecko) jsdom/26.1.0","userId":"anonymous","userEmail":"anonymous","userRole":"anonymous"}
{"timestamp":"2025-06-27 18:18:11","level":"HTTP","message":"Request completed","method":"GET","url":"/api/dashboard/sales-chart","statusCode":401,"duration":"1ms","contentLength":"47","userId":"anonymous","userEmail":"anonymous","userRole":"anonymous"}
{"timestamp":"2025-06-27 18:18:11","level":"HTTP","message":"Incoming request","method":"GET","url":"/api/dashboard/sales-chart","ip":"::1","userAgent":"Mozilla/5.0 (win32) AppleWebKit/537.36 (KHTML, like Gecko) jsdom/26.1.0","userId":"anonymous","userEmail":"anonymous","userRole":"anonymous"}
{"timestamp":"2025-06-27 18:18:11","level":"HTTP","message":"Request completed","method":"GET","url":"/api/dashboard/sales-chart","statusCode":401,"duration":"0ms","contentLength":"47","userId":"anonymous","userEmail":"anonymous","userRole":"anonymous"}
{"timestamp":"2025-06-27 18:18:11","level":"HTTP","message":"Incoming request","method":"GET","url":"/api/dashboard/sales-chart","ip":"::1","userAgent":"Mozilla/5.0 (win32) AppleWebKit/537.36 (KHTML, like Gecko) jsdom/26.1.0","userId":"anonymous","userEmail":"anonymous","userRole":"anonymous"}
{"timestamp":"2025-06-27 18:18:11","level":"HTTP","message":"Request completed","method":"GET","url":"/api/dashboard/sales-chart","statusCode":401,"duration":"1ms","contentLength":"47","userId":"anonymous","userEmail":"anonymous","userRole":"anonymous"}
{"timestamp":"2025-06-27 18:18:11","level":"HTTP","message":"Incoming request","method":"GET","url":"/api/dashboard/sales-chart","ip":"::1","userAgent":"Mozilla/5.0 (win32) AppleWebKit/537.36 (KHTML, like Gecko) jsdom/26.1.0","userId":"anonymous","userEmail":"anonymous","userRole":"anonymous"}
{"timestamp":"2025-06-27 18:18:11","level":"HTTP","message":"Request completed","method":"GET","url":"/api/dashboard/sales-chart","statusCode":401,"duration":"0ms","contentLength":"47","userId":"anonymous","userEmail":"anonymous","userRole":"anonymous"}
{"timestamp":"2025-06-27 18:18:11","level":"HTTP","message":"Incoming request","method":"GET","url":"/api/dashboard/sales-chart","ip":"::1","userAgent":"Mozilla/5.0 (win32) AppleWebKit/537.36 (KHTML, like Gecko) jsdom/26.1.0","userId":"anonymous","userEmail":"anonymous","userRole":"anonymous"}
{"timestamp":"2025-06-27 18:18:11","level":"HTTP","message":"Request completed","method":"GET","url":"/api/dashboard/sales-chart","statusCode":401,"duration":"0ms","contentLength":"47","userId":"anonymous","userEmail":"anonymous","userRole":"anonymous"}
{"timestamp":"2025-06-27 18:18:11","level":"HTTP","message":"Incoming request","method":"GET","url":"/api/dashboard/sales-chart","ip":"::1","userAgent":"Mozilla/5.0 (win32) AppleWebKit/537.36 (KHTML, like Gecko) jsdom/26.1.0","userId":"anonymous","userEmail":"anonymous","userRole":"anonymous"}
{"timestamp":"2025-06-27 18:18:11","level":"HTTP","message":"Request completed","method":"GET","url":"/api/dashboard/sales-chart","statusCode":401,"duration":"1ms","contentLength":"47","userId":"anonymous","userEmail":"anonymous","userRole":"anonymous"}
{"timestamp":"2025-06-27 18:18:11","level":"HTTP","message":"Incoming request","method":"GET","url":"/api/dashboard/sales-chart","ip":"::1","userAgent":"Mozilla/5.0 (win32) AppleWebKit/537.36 (KHTML, like Gecko) jsdom/26.1.0","userId":"anonymous","userEmail":"anonymous","userRole":"anonymous"}
{"timestamp":"2025-06-27 18:18:11","level":"HTTP","message":"Request completed","method":"GET","url":"/api/dashboard/sales-chart","statusCode":401,"duration":"1ms","contentLength":"47","userId":"anonymous","userEmail":"anonymous","userRole":"anonymous"}
{"timestamp":"2025-06-27 18:18:11","level":"HTTP","message":"Incoming request","method":"GET","url":"/api/dashboard/sales-chart","ip":"::1","userAgent":"Mozilla/5.0 (win32) AppleWebKit/537.36 (KHTML, like Gecko) jsdom/26.1.0","userId":"anonymous","userEmail":"anonymous","userRole":"anonymous"}
{"timestamp":"2025-06-27 18:18:11","level":"HTTP","message":"Request completed","method":"GET","url":"/api/dashboard/sales-chart","statusCode":401,"duration":"1ms","contentLength":"47","userId":"anonymous","userEmail":"anonymous","userRole":"anonymous"}
{"timestamp":"2025-06-27 18:18:11","level":"HTTP","message":"Incoming request","method":"GET","url":"/api/dashboard/sales-chart","ip":"::1","userAgent":"Mozilla/5.0 (win32) AppleWebKit/537.36 (KHTML, like Gecko) jsdom/26.1.0","userId":"anonymous","userEmail":"anonymous","userRole":"anonymous"}
{"timestamp":"2025-06-27 18:18:11","level":"HTTP","message":"Request completed","method":"GET","url":"/api/dashboard/sales-chart","statusCode":401,"duration":"0ms","contentLength":"47","userId":"anonymous","userEmail":"anonymous","userRole":"anonymous"}
{"timestamp":"2025-06-27 18:18:11","level":"HTTP","message":"Incoming request","method":"GET","url":"/api/dashboard/sales-chart","ip":"::1","userAgent":"Mozilla/5.0 (win32) AppleWebKit/537.36 (KHTML, like Gecko) jsdom/26.1.0","userId":"anonymous","userEmail":"anonymous","userRole":"anonymous"}
{"timestamp":"2025-06-27 18:18:11","level":"HTTP","message":"Request completed","method":"GET","url":"/api/dashboard/sales-chart","statusCode":401,"duration":"1ms","contentLength":"47","userId":"anonymous","userEmail":"anonymous","userRole":"anonymous"}
{"timestamp":"2025-06-27 18:18:11","level":"HTTP","message":"Incoming request","method":"GET","url":"/api/dashboard/sales-chart","ip":"::1","userAgent":"Mozilla/5.0 (win32) AppleWebKit/537.36 (KHTML, like Gecko) jsdom/26.1.0","userId":"anonymous","userEmail":"anonymous","userRole":"anonymous"}
{"timestamp":"2025-06-27 18:18:11","level":"HTTP","message":"Request completed","method":"GET","url":"/api/dashboard/sales-chart","statusCode":401,"duration":"1ms","contentLength":"47","userId":"anonymous","userEmail":"anonymous","userRole":"anonymous"}
{"timestamp":"2025-06-27 18:18:11","level":"HTTP","message":"Incoming request","method":"GET","url":"/api/dashboard/sales-chart","ip":"::1","userAgent":"Mozilla/5.0 (win32) AppleWebKit/537.36 (KHTML, like Gecko) jsdom/26.1.0","userId":"anonymous","userEmail":"anonymous","userRole":"anonymous"}
{"timestamp":"2025-06-27 18:18:11","level":"HTTP","message":"Request completed","method":"GET","url":"/api/dashboard/sales-chart","statusCode":401,"duration":"1ms","contentLength":"47","userId":"anonymous","userEmail":"anonymous","userRole":"anonymous"}
{"timestamp":"2025-06-27 18:18:11","level":"HTTP","message":"Incoming request","method":"GET","url":"/api/dashboard/sales-chart","ip":"::1","userAgent":"Mozilla/5.0 (win32) AppleWebKit/537.36 (KHTML, like Gecko) jsdom/26.1.0","userId":"anonymous","userEmail":"anonymous","userRole":"anonymous"}
{"timestamp":"2025-06-27 18:18:11","level":"HTTP","message":"Request completed","method":"GET","url":"/api/dashboard/sales-chart","statusCode":401,"duration":"0ms","contentLength":"47","userId":"anonymous","userEmail":"anonymous","userRole":"anonymous"}
{"timestamp":"2025-06-27 18:18:11","level":"HTTP","message":"Incoming request","method":"GET","url":"/api/dashboard/sales-chart","ip":"::1","userAgent":"Mozilla/5.0 (win32) AppleWebKit/537.36 (KHTML, like Gecko) jsdom/26.1.0","userId":"anonymous","userEmail":"anonymous","userRole":"anonymous"}
{"timestamp":"2025-06-27 18:18:11","level":"HTTP","message":"Request completed","method":"GET","url":"/api/dashboard/sales-chart","statusCode":401,"duration":"1ms","contentLength":"47","userId":"anonymous","userEmail":"anonymous","userRole":"anonymous"}
{"timestamp":"2025-06-27 18:18:11","level":"HTTP","message":"Incoming request","method":"GET","url":"/api/dashboard/sales-chart","ip":"::1","userAgent":"Mozilla/5.0 (win32) AppleWebKit/537.36 (KHTML, like Gecko) jsdom/26.1.0","userId":"anonymous","userEmail":"anonymous","userRole":"anonymous"}
{"timestamp":"2025-06-27 18:18:11","level":"HTTP","message":"Request completed","method":"GET","url":"/api/dashboard/sales-chart","statusCode":401,"duration":"0ms","contentLength":"47","userId":"anonymous","userEmail":"anonymous","userRole":"anonymous"}
{"timestamp":"2025-06-27 18:18:11","level":"HTTP","message":"Incoming request","method":"GET","url":"/api/dashboard/sales-chart","ip":"::1","userAgent":"Mozilla/5.0 (win32) AppleWebKit/537.36 (KHTML, like Gecko) jsdom/26.1.0","userId":"anonymous","userEmail":"anonymous","userRole":"anonymous"}
{"timestamp":"2025-06-27 18:18:11","level":"HTTP","message":"Request completed","method":"GET","url":"/api/dashboard/sales-chart","statusCode":401,"duration":"0ms","contentLength":"47","userId":"anonymous","userEmail":"anonymous","userRole":"anonymous"}
{"timestamp":"2025-06-27 18:18:11","level":"HTTP","message":"Incoming request","method":"GET","url":"/api/dashboard/sales-chart","ip":"::1","userAgent":"Mozilla/5.0 (win32) AppleWebKit/537.36 (KHTML, like Gecko) jsdom/26.1.0","userId":"anonymous","userEmail":"anonymous","userRole":"anonymous"}
{"timestamp":"2025-06-27 18:18:11","level":"HTTP","message":"Request completed","method":"GET","url":"/api/dashboard/sales-chart","statusCode":401,"duration":"0ms","contentLength":"47","userId":"anonymous","userEmail":"anonymous","userRole":"anonymous"}
{"timestamp":"2025-06-27 18:18:11","level":"HTTP","message":"Incoming request","method":"GET","url":"/api/dashboard/sales-chart","ip":"::1","userAgent":"Mozilla/5.0 (win32) AppleWebKit/537.36 (KHTML, like Gecko) jsdom/26.1.0","userId":"anonymous","userEmail":"anonymous","userRole":"anonymous"}
{"timestamp":"2025-06-27 18:18:11","level":"HTTP","message":"Request completed","method":"GET","url":"/api/dashboard/sales-chart","statusCode":401,"duration":"1ms","contentLength":"47","userId":"anonymous","userEmail":"anonymous","userRole":"anonymous"}
{"timestamp":"2025-06-27 18:18:11","level":"HTTP","message":"Incoming request","method":"GET","url":"/api/dashboard/sales-chart","ip":"::1","userAgent":"Mozilla/5.0 (win32) AppleWebKit/537.36 (KHTML, like Gecko) jsdom/26.1.0","userId":"anonymous","userEmail":"anonymous","userRole":"anonymous"}
{"timestamp":"2025-06-27 18:18:11","level":"HTTP","message":"Request completed","method":"GET","url":"/api/dashboard/sales-chart","statusCode":401,"duration":"0ms","contentLength":"47","userId":"anonymous","userEmail":"anonymous","userRole":"anonymous"}
{"timestamp":"2025-06-27 18:18:11","level":"HTTP","message":"Incoming request","method":"GET","url":"/api/dashboard/sales-chart","ip":"::1","userAgent":"Mozilla/5.0 (win32) AppleWebKit/537.36 (KHTML, like Gecko) jsdom/26.1.0","userId":"anonymous","userEmail":"anonymous","userRole":"anonymous"}
{"timestamp":"2025-06-27 18:18:11","level":"HTTP","message":"Request completed","method":"GET","url":"/api/dashboard/sales-chart","statusCode":401,"duration":"1ms","contentLength":"47","userId":"anonymous","userEmail":"anonymous","userRole":"anonymous"}
{"timestamp":"2025-06-27 18:18:11","level":"HTTP","message":"Incoming request","method":"GET","url":"/api/dashboard/sales-chart","ip":"::1","userAgent":"Mozilla/5.0 (win32) AppleWebKit/537.36 (KHTML, like Gecko) jsdom/26.1.0","userId":"anonymous","userEmail":"anonymous","userRole":"anonymous"}
{"timestamp":"2025-06-27 18:18:11","level":"HTTP","message":"Request completed","method":"GET","url":"/api/dashboard/sales-chart","statusCode":401,"duration":"0ms","contentLength":"47","userId":"anonymous","userEmail":"anonymous","userRole":"anonymous"}
{"timestamp":"2025-06-27 18:18:11","level":"HTTP","message":"Incoming request","method":"GET","url":"/api/dashboard/sales-chart","ip":"::1","userAgent":"Mozilla/5.0 (win32) AppleWebKit/537.36 (KHTML, like Gecko) jsdom/26.1.0","userId":"anonymous","userEmail":"anonymous","userRole":"anonymous"}
{"timestamp":"2025-06-27 18:18:11","level":"HTTP","message":"Request completed","method":"GET","url":"/api/dashboard/sales-chart","statusCode":401,"duration":"0ms","contentLength":"47","userId":"anonymous","userEmail":"anonymous","userRole":"anonymous"}
{"timestamp":"2025-06-27 18:18:11","level":"HTTP","message":"Incoming request","method":"GET","url":"/api/dashboard/sales-chart","ip":"::1","userAgent":"Mozilla/5.0 (win32) AppleWebKit/537.36 (KHTML, like Gecko) jsdom/26.1.0","userId":"anonymous","userEmail":"anonymous","userRole":"anonymous"}
{"timestamp":"2025-06-27 18:18:11","level":"HTTP","message":"Request completed","method":"GET","url":"/api/dashboard/sales-chart","statusCode":401,"duration":"1ms","contentLength":"47","userId":"anonymous","userEmail":"anonymous","userRole":"anonymous"}
{"timestamp":"2025-06-27 18:18:11","level":"HTTP","message":"Incoming request","method":"GET","url":"/api/dashboard/sales-chart","ip":"::1","userAgent":"Mozilla/5.0 (win32) AppleWebKit/537.36 (KHTML, like Gecko) jsdom/26.1.0","userId":"anonymous","userEmail":"anonymous","userRole":"anonymous"}
{"timestamp":"2025-06-27 18:18:11","level":"HTTP","message":"Request completed","method":"GET","url":"/api/dashboard/sales-chart","statusCode":401,"duration":"1ms","contentLength":"47","userId":"anonymous","userEmail":"anonymous","userRole":"anonymous"}
{"timestamp":"2025-06-27 18:18:11","level":"HTTP","message":"Incoming request","method":"GET","url":"/api/dashboard/sales-chart","ip":"::1","userAgent":"Mozilla/5.0 (win32) AppleWebKit/537.36 (KHTML, like Gecko) jsdom/26.1.0","userId":"anonymous","userEmail":"anonymous","userRole":"anonymous"}
{"timestamp":"2025-06-27 18:18:11","level":"HTTP","message":"Request completed","method":"GET","url":"/api/dashboard/sales-chart","statusCode":401,"duration":"1ms","contentLength":"47","userId":"anonymous","userEmail":"anonymous","userRole":"anonymous"}
{"timestamp":"2025-06-27 18:18:11","level":"HTTP","message":"Incoming request","method":"GET","url":"/api/dashboard/sales-chart","ip":"::1","userAgent":"Mozilla/5.0 (win32) AppleWebKit/537.36 (KHTML, like Gecko) jsdom/26.1.0","userId":"anonymous","userEmail":"anonymous","userRole":"anonymous"}
{"timestamp":"2025-06-27 18:18:11","level":"HTTP","message":"Request completed","method":"GET","url":"/api/dashboard/sales-chart","statusCode":401,"duration":"0ms","contentLength":"47","userId":"anonymous","userEmail":"anonymous","userRole":"anonymous"}
{"timestamp":"2025-06-27 18:18:11","level":"HTTP","message":"Incoming request","method":"GET","url":"/api/dashboard/sales-chart","ip":"::1","userAgent":"Mozilla/5.0 (win32) AppleWebKit/537.36 (KHTML, like Gecko) jsdom/26.1.0","userId":"anonymous","userEmail":"anonymous","userRole":"anonymous"}
{"timestamp":"2025-06-27 18:18:11","level":"HTTP","message":"Request completed","method":"GET","url":"/api/dashboard/sales-chart","statusCode":401,"duration":"0ms","contentLength":"47","userId":"anonymous","userEmail":"anonymous","userRole":"anonymous"}
{"timestamp":"2025-06-27 18:18:11","level":"HTTP","message":"Incoming request","method":"GET","url":"/api/dashboard/sales-chart","ip":"::1","userAgent":"Mozilla/5.0 (win32) AppleWebKit/537.36 (KHTML, like Gecko) jsdom/26.1.0","userId":"anonymous","userEmail":"anonymous","userRole":"anonymous"}
{"timestamp":"2025-06-27 18:18:11","level":"HTTP","message":"Request completed","method":"GET","url":"/api/dashboard/sales-chart","statusCode":401,"duration":"0ms","contentLength":"47","userId":"anonymous","userEmail":"anonymous","userRole":"anonymous"}
{"timestamp":"2025-06-27 18:18:11","level":"HTTP","message":"Incoming request","method":"GET","url":"/api/dashboard/sales-chart","ip":"::1","userAgent":"Mozilla/5.0 (win32) AppleWebKit/537.36 (KHTML, like Gecko) jsdom/26.1.0","userId":"anonymous","userEmail":"anonymous","userRole":"anonymous"}
{"timestamp":"2025-06-27 18:18:11","level":"HTTP","message":"Request completed","method":"GET","url":"/api/dashboard/sales-chart","statusCode":401,"duration":"1ms","contentLength":"47","userId":"anonymous","userEmail":"anonymous","userRole":"anonymous"}
{"timestamp":"2025-06-27 18:18:11","level":"HTTP","message":"Incoming request","method":"GET","url":"/api/dashboard/sales-chart","ip":"::1","userAgent":"Mozilla/5.0 (win32) AppleWebKit/537.36 (KHTML, like Gecko) jsdom/26.1.0","userId":"anonymous","userEmail":"anonymous","userRole":"anonymous"}
{"timestamp":"2025-06-27 18:18:11","level":"HTTP","message":"Request completed","method":"GET","url":"/api/dashboard/sales-chart","statusCode":401,"duration":"1ms","contentLength":"47","userId":"anonymous","userEmail":"anonymous","userRole":"anonymous"}
{"timestamp":"2025-06-27 18:18:11","level":"HTTP","message":"Incoming request","method":"GET","url":"/api/dashboard/sales-chart","ip":"::1","userAgent":"Mozilla/5.0 (win32) AppleWebKit/537.36 (KHTML, like Gecko) jsdom/26.1.0","userId":"anonymous","userEmail":"anonymous","userRole":"anonymous"}
{"timestamp":"2025-06-27 18:18:11","level":"HTTP","message":"Request completed","method":"GET","url":"/api/dashboard/sales-chart","statusCode":401,"duration":"0ms","contentLength":"47","userId":"anonymous","userEmail":"anonymous","userRole":"anonymous"}
{"timestamp":"2025-06-27 18:18:11","level":"HTTP","message":"Incoming request","method":"GET","url":"/api/dashboard/sales-chart","ip":"::1","userAgent":"Mozilla/5.0 (win32) AppleWebKit/537.36 (KHTML, like Gecko) jsdom/26.1.0","userId":"anonymous","userEmail":"anonymous","userRole":"anonymous"}
{"timestamp":"2025-06-27 18:18:11","level":"HTTP","message":"Request completed","method":"GET","url":"/api/dashboard/sales-chart","statusCode":401,"duration":"0ms","contentLength":"47","userId":"anonymous","userEmail":"anonymous","userRole":"anonymous"}
{"timestamp":"2025-06-27 18:18:11","level":"HTTP","message":"Incoming request","method":"GET","url":"/api/dashboard/sales-chart","ip":"::1","userAgent":"Mozilla/5.0 (win32) AppleWebKit/537.36 (KHTML, like Gecko) jsdom/26.1.0","userId":"anonymous","userEmail":"anonymous","userRole":"anonymous"}
{"timestamp":"2025-06-27 18:18:11","level":"HTTP","message":"Request completed","method":"GET","url":"/api/dashboard/sales-chart","statusCode":401,"duration":"1ms","contentLength":"47","userId":"anonymous","userEmail":"anonymous","userRole":"anonymous"}
{"timestamp":"2025-06-27 18:18:11","level":"HTTP","message":"Incoming request","method":"GET","url":"/api/dashboard/sales-chart","ip":"::1","userAgent":"Mozilla/5.0 (win32) AppleWebKit/537.36 (KHTML, like Gecko) jsdom/26.1.0","userId":"anonymous","userEmail":"anonymous","userRole":"anonymous"}
{"timestamp":"2025-06-27 18:18:11","level":"HTTP","message":"Request completed","method":"GET","url":"/api/dashboard/sales-chart","statusCode":401,"duration":"0ms","contentLength":"47","userId":"anonymous","userEmail":"anonymous","userRole":"anonymous"}
{"timestamp":"2025-06-27 18:18:11","level":"HTTP","message":"Incoming request","method":"GET","url":"/api/dashboard/sales-chart","ip":"::1","userAgent":"Mozilla/5.0 (win32) AppleWebKit/537.36 (KHTML, like Gecko) jsdom/26.1.0","userId":"anonymous","userEmail":"anonymous","userRole":"anonymous"}
{"timestamp":"2025-06-27 18:18:11","level":"HTTP","message":"Request completed","method":"GET","url":"/api/dashboard/sales-chart","statusCode":401,"duration":"0ms","contentLength":"47","userId":"anonymous","userEmail":"anonymous","userRole":"anonymous"}
{"timestamp":"2025-06-27 18:18:11","level":"HTTP","message":"Incoming request","method":"GET","url":"/api/dashboard/sales-chart","ip":"::1","userAgent":"Mozilla/5.0 (win32) AppleWebKit/537.36 (KHTML, like Gecko) jsdom/26.1.0","userId":"anonymous","userEmail":"anonymous","userRole":"anonymous"}
{"timestamp":"2025-06-27 18:18:11","level":"HTTP","message":"Request completed","method":"GET","url":"/api/dashboard/sales-chart","statusCode":401,"duration":"0ms","contentLength":"47","userId":"anonymous","userEmail":"anonymous","userRole":"anonymous"}
{"timestamp":"2025-06-27 18:18:11","level":"HTTP","message":"Incoming request","method":"GET","url":"/api/dashboard/sales-chart","ip":"::1","userAgent":"Mozilla/5.0 (win32) AppleWebKit/537.36 (KHTML, like Gecko) jsdom/26.1.0","userId":"anonymous","userEmail":"anonymous","userRole":"anonymous"}
{"timestamp":"2025-06-27 18:18:11","level":"HTTP","message":"Request completed","method":"GET","url":"/api/dashboard/sales-chart","statusCode":401,"duration":"1ms","contentLength":"47","userId":"anonymous","userEmail":"anonymous","userRole":"anonymous"}
{"timestamp":"2025-06-27 18:18:11","level":"HTTP","message":"Incoming request","method":"GET","url":"/api/dashboard/sales-chart","ip":"::1","userAgent":"Mozilla/5.0 (win32) AppleWebKit/537.36 (KHTML, like Gecko) jsdom/26.1.0","userId":"anonymous","userEmail":"anonymous","userRole":"anonymous"}
{"timestamp":"2025-06-27 18:18:11","level":"HTTP","message":"Request completed","method":"GET","url":"/api/dashboard/sales-chart","statusCode":401,"duration":"0ms","contentLength":"47","userId":"anonymous","userEmail":"anonymous","userRole":"anonymous"}
{"timestamp":"2025-06-27 18:18:11","level":"HTTP","message":"Incoming request","method":"GET","url":"/api/dashboard/sales-chart","ip":"::1","userAgent":"Mozilla/5.0 (win32) AppleWebKit/537.36 (KHTML, like Gecko) jsdom/26.1.0","userId":"anonymous","userEmail":"anonymous","userRole":"anonymous"}
{"timestamp":"2025-06-27 18:18:11","level":"HTTP","message":"Request completed","method":"GET","url":"/api/dashboard/sales-chart","statusCode":401,"duration":"1ms","contentLength":"47","userId":"anonymous","userEmail":"anonymous","userRole":"anonymous"}
{"timestamp":"2025-06-27 18:18:11","level":"HTTP","message":"Incoming request","method":"GET","url":"/api/dashboard/sales-chart","ip":"::1","userAgent":"Mozilla/5.0 (win32) AppleWebKit/537.36 (KHTML, like Gecko) jsdom/26.1.0","userId":"anonymous","userEmail":"anonymous","userRole":"anonymous"}
{"timestamp":"2025-06-27 18:18:11","level":"HTTP","message":"Request completed","method":"GET","url":"/api/dashboard/sales-chart","statusCode":401,"duration":"1ms","contentLength":"47","userId":"anonymous","userEmail":"anonymous","userRole":"anonymous"}
{"timestamp":"2025-06-27 18:18:11","level":"HTTP","message":"Incoming request","method":"GET","url":"/api/dashboard/sales-chart","ip":"::1","userAgent":"Mozilla/5.0 (win32) AppleWebKit/537.36 (KHTML, like Gecko) jsdom/26.1.0","userId":"anonymous","userEmail":"anonymous","userRole":"anonymous"}
{"timestamp":"2025-06-27 18:18:11","level":"HTTP","message":"Request completed","method":"GET","url":"/api/dashboard/sales-chart","statusCode":401,"duration":"0ms","contentLength":"47","userId":"anonymous","userEmail":"anonymous","userRole":"anonymous"}
{"timestamp":"2025-06-27 18:18:11","level":"HTTP","message":"Incoming request","method":"GET","url":"/api/dashboard/sales-chart","ip":"::1","userAgent":"Mozilla/5.0 (win32) AppleWebKit/537.36 (KHTML, like Gecko) jsdom/26.1.0","userId":"anonymous","userEmail":"anonymous","userRole":"anonymous"}
{"timestamp":"2025-06-27 18:18:11","level":"HTTP","message":"Request completed","method":"GET","url":"/api/dashboard/sales-chart","statusCode":401,"duration":"1ms","contentLength":"47","userId":"anonymous","userEmail":"anonymous","userRole":"anonymous"}
{"timestamp":"2025-06-27 18:18:11","level":"HTTP","message":"Incoming request","method":"GET","url":"/api/dashboard/sales-chart","ip":"::1","userAgent":"Mozilla/5.0 (win32) AppleWebKit/537.36 (KHTML, like Gecko) jsdom/26.1.0","userId":"anonymous","userEmail":"anonymous","userRole":"anonymous"}
{"timestamp":"2025-06-27 18:18:11","level":"HTTP","message":"Request completed","method":"GET","url":"/api/dashboard/sales-chart","statusCode":401,"duration":"1ms","contentLength":"47","userId":"anonymous","userEmail":"anonymous","userRole":"anonymous"}
{"timestamp":"2025-06-27 18:28:43","level":"INFO","message":"SIGINT received, shutting down gracefully"}
